mode: set
github.com/example/subscriptions-service/cmd/app/main.go:30.71,32.3 1 0
github.com/example/subscriptions-service/cmd/app/main.go:35.13,36.34 1 0
github.com/example/subscriptions-service/cmd/app/main.go:36.34,39.3 2 0
github.com/example/subscriptions-service/cmd/app/main.go:42.22,48.16 5 0
github.com/example/subscriptions-service/cmd/app/main.go:48.16,50.3 1 0
github.com/example/subscriptions-service/cmd/app/main.go:52.2,52.22 1 0
github.com/example/subscriptions-service/cmd/app/main.go:55.54,60.16 4 0
github.com/example/subscriptions-service/cmd/app/main.go:60.16,62.3 1 0
github.com/example/subscriptions-service/cmd/app/main.go:63.2,71.12 7 0
github.com/example/subscriptions-service/cmd/app/main.go:71.12,73.87 2 0
github.com/example/subscriptions-service/cmd/app/main.go:73.87,76.4 2 0
github.com/example/subscriptions-service/cmd/app/main.go:79.2,82.50 4 0
github.com/example/subscriptions-service/cmd/app/main.go:82.50,84.3 1 0
github.com/example/subscriptions-service/cmd/app/main.go:85.2,86.12 2 0
github.com/example/subscriptions-service/internal/config/config.go:30.41,33.16 3 0
github.com/example/subscriptions-service/internal/config/config.go:33.16,35.17 2 0
github.com/example/subscriptions-service/internal/config/config.go:35.17,37.4 1 0
github.com/example/subscriptions-service/internal/config/config.go:38.3,38.49 1 0
github.com/example/subscriptions-service/internal/config/config.go:38.49,40.4 1 0
github.com/example/subscriptions-service/internal/config/config.go:42.2,43.28 2 0
github.com/example/subscriptions-service/internal/config/config.go:43.28,45.3 1 0
github.com/example/subscriptions-service/internal/config/config.go:46.2,46.18 1 0
github.com/example/subscriptions-service/internal/config/config.go:49.29,54.2 1 0
github.com/example/subscriptions-service/internal/config/config.go:56.28,57.42 1 0
github.com/example/subscriptions-service/internal/config/config.go:57.42,59.3 1 0
github.com/example/subscriptions-service/internal/config/config.go:60.2,60.45 1 0
github.com/example/subscriptions-service/internal/config/config.go:60.45,62.3 1 0
github.com/example/subscriptions-service/internal/config/config.go:63.2,63.51 1 0
github.com/example/subscriptions-service/internal/config/config.go:63.51,64.44 1 0
github.com/example/subscriptions-service/internal/config/config.go:64.44,66.4 1 0
github.com/example/subscriptions-service/internal/config/config.go:68.2,68.51 1 0
github.com/example/subscriptions-service/internal/config/config.go:68.51,69.44 1 0
github.com/example/subscriptions-service/internal/config/config.go:69.44,71.4 1 0
github.com/example/subscriptions-service/internal/config/config.go:73.2,73.59 1 0
github.com/example/subscriptions-service/internal/config/config.go:73.59,74.50 1 0
github.com/example/subscriptions-service/internal/config/config.go:74.50,76.4 1 0
github.com/example/subscriptions-service/internal/domain/subscription/month.go:14.58,15.63 1 0
github.com/example/subscriptions-service/internal/domain/subscription/month.go:15.63,17.3 1 0
github.com/example/subscriptions-service/internal/domain/subscription/month.go:18.2,18.74 1 0
github.com/example/subscriptions-service/internal/domain/subscription/month.go:21.46,23.16 2 0
github.com/example/subscriptions-service/internal/domain/subscription/month.go:23.16,25.3 1 0
github.com/example/subscriptions-service/internal/domain/subscription/month.go:26.2,26.82 1 0
github.com/example/subscriptions-service/internal/domain/subscription/month.go:29.32,31.2 1 0
github.com/example/subscriptions-service/internal/domain/subscription/month.go:33.41,33.77 1 0
github.com/example/subscriptions-service/internal/domain/subscription/month.go:34.41,34.76 1 0
github.com/example/subscriptions-service/internal/domain/subscription/subscription.go:21.107,30.37 2 0
github.com/example/subscriptions-service/internal/domain/subscription/subscription.go:30.37,32.3 1 0
github.com/example/subscriptions-service/internal/domain/subscription/subscription.go:33.2,33.15 1 0
github.com/example/subscriptions-service/internal/domain/subscription/subscription.go:36.41,37.44 1 0
github.com/example/subscriptions-service/internal/domain/subscription/subscription.go:37.44,39.3 1 0
github.com/example/subscriptions-service/internal/domain/subscription/subscription.go:40.2,40.18 1 0
github.com/example/subscriptions-service/internal/domain/subscription/subscription.go:40.18,42.3 1 0
github.com/example/subscriptions-service/internal/domain/subscription/subscription.go:43.2,43.26 1 0
github.com/example/subscriptions-service/internal/domain/subscription/subscription.go:43.26,45.3 1 0
github.com/example/subscriptions-service/internal/domain/subscription/subscription.go:46.2,46.58 1 0
github.com/example/subscriptions-service/internal/domain/subscription/subscription.go:46.58,48.3 1 0
github.com/example/subscriptions-service/internal/domain/subscription/subscription.go:49.2,49.12 1 0
github.com/example/subscriptions-service/internal/infrastructure/logger/logger.go:8.25,10.2 1 0
github.com/example/subscriptions-service/internal/repository/postgres/pool.go:11.85,13.16 2 0
github.com/example/subscriptions-service/internal/repository/postgres/pool.go:13.16,15.3 1 0
github.com/example/subscriptions-service/internal/repository/postgres/pool.go:16.2,20.16 5 0
github.com/example/subscriptions-service/internal/repository/postgres/pool.go:20.16,22.3 1 0
github.com/example/subscriptions-service/internal/repository/postgres/pool.go:23.2,23.39 1 0
github.com/example/subscriptions-service/internal/repository/postgres/pool.go:23.39,26.3 2 0
github.com/example/subscriptions-service/internal/repository/postgres/pool.go:27.2,27.18 1 0
github.com/example/subscriptions-service/internal/repository/postgres/subscription_repository.go:27.70,29.2 1 0
github.com/example/subscriptions-service/internal/repository/postgres/subscription_repository.go:31.92,34.23 3 0
github.com/example/subscriptions-service/internal/repository/postgres/subscription_repository.go:34.23,36.3 1 0
github.com/example/subscriptions-service/internal/repository/postgres/subscription_repository.go:37.2,37.133 1 0
github.com/example/subscriptions-service/internal/repository/postgres/subscription_repository.go:40.107,43.35 3 0
github.com/example/subscriptions-service/internal/repository/postgres/subscription_repository.go:43.35,45.3 1 0
github.com/example/subscriptions-service/internal/repository/postgres/subscription_repository.go:46.2,46.15 1 0
github.com/example/subscriptions-service/internal/repository/postgres/subscription_repository.go:49.92,52.23 3 0
github.com/example/subscriptions-service/internal/repository/postgres/subscription_repository.go:52.23,54.3 1 0
github.com/example/subscriptions-service/internal/repository/postgres/subscription_repository.go:55.2,56.35 2 0
github.com/example/subscriptions-service/internal/repository/postgres/subscription_repository.go:56.35,58.3 1 0
github.com/example/subscriptions-service/internal/repository/postgres/subscription_repository.go:59.2,59.12 1 0
github.com/example/subscriptions-service/internal/repository/postgres/subscription_repository.go:62.82,64.16 2 0
github.com/example/subscriptions-service/internal/repository/postgres/subscription_repository.go:64.16,66.3 1 0
github.com/example/subscriptions-service/internal/repository/postgres/subscription_repository.go:67.2,67.28 1 0
github.com/example/subscriptions-service/internal/repository/postgres/subscription_repository.go:67.28,69.3 1 0
github.com/example/subscriptions-service/internal/repository/postgres/subscription_repository.go:70.2,70.12 1 0
github.com/example/subscriptions-service/internal/repository/postgres/subscription_repository.go:73.113,78.16 5 0
github.com/example/subscriptions-service/internal/repository/postgres/subscription_repository.go:78.16,80.3 1 0
github.com/example/subscriptions-service/internal/repository/postgres/subscription_repository.go:81.2,83.18 3 0
github.com/example/subscriptions-service/internal/repository/postgres/subscription_repository.go:83.18,85.17 2 0
github.com/example/subscriptions-service/internal/repository/postgres/subscription_repository.go:85.17,87.4 1 0
github.com/example/subscriptions-service/internal/repository/postgres/subscription_repository.go:88.3,88.28 1 0
github.com/example/subscriptions-service/internal/repository/postgres/subscription_repository.go:90.2,90.26 1 0
github.com/example/subscriptions-service/internal/repository/postgres/subscription_repository.go:93.100,97.17 4 0
github.com/example/subscriptions-service/internal/repository/postgres/subscription_repository.go:97.17,99.3 1 0
github.com/example/subscriptions-service/internal/repository/postgres/subscription_repository.go:99.8,101.3 1 0
github.com/example/subscriptions-service/internal/repository/postgres/subscription_repository.go:102.2,110.74 4 0
github.com/example/subscriptions-service/internal/repository/postgres/subscription_repository.go:110.74,112.3 1 0
github.com/example/subscriptions-service/internal/repository/postgres/subscription_repository.go:113.2,113.19 1 0
github.com/example/subscriptions-service/internal/repository/postgres/subscription_repository.go:116.81,119.19 3 0
github.com/example/subscriptions-service/internal/repository/postgres/subscription_repository.go:119.19,122.3 2 0
github.com/example/subscriptions-service/internal/repository/postgres/subscription_repository.go:123.2,123.65 1 0
github.com/example/subscriptions-service/internal/repository/postgres/subscription_repository.go:123.65,126.3 2 0
github.com/example/subscriptions-service/internal/repository/postgres/subscription_repository.go:127.2,127.23 1 0
github.com/example/subscriptions-service/internal/repository/postgres/subscription_repository.go:127.23,129.3 1 0
github.com/example/subscriptions-service/internal/repository/postgres/subscription_repository.go:130.2,130.56 1 0
github.com/example/subscriptions-service/internal/repository/postgres/subscription_repository.go:133.88,135.2 1 0
github.com/example/subscriptions-service/internal/repository/postgres/subscription_repository.go:137.95,141.119 4 0
github.com/example/subscriptions-service/internal/repository/postgres/subscription_repository.go:141.119,143.3 1 0
github.com/example/subscriptions-service/internal/repository/postgres/subscription_repository.go:144.2,145.16 2 0
github.com/example/subscriptions-service/internal/repository/postgres/subscription_repository.go:145.16,148.3 2 0
github.com/example/subscriptions-service/internal/repository/postgres/subscription_repository.go:149.2,149.16 1 0
github.com/example/subscriptions-service/internal/service/subscription/usecase.go:14.43,16.2 1 0
github.com/example/subscriptions-service/internal/service/subscription/usecase.go:18.97,20.16 2 0
github.com/example/subscriptions-service/internal/service/subscription/usecase.go:20.16,22.3 1 0
github.com/example/subscriptions-service/internal/service/subscription/usecase.go:23.2,24.16 2 0
github.com/example/subscriptions-service/internal/service/subscription/usecase.go:24.16,26.3 1 0
github.com/example/subscriptions-service/internal/service/subscription/usecase.go:27.2,27.34 1 0
github.com/example/subscriptions-service/internal/service/subscription/usecase.go:30.89,32.2 1 0
github.com/example/subscriptions-service/internal/service/subscription/usecase.go:34.97,36.16 2 0
github.com/example/subscriptions-service/internal/service/subscription/usecase.go:36.16,38.3 1 0
github.com/example/subscriptions-service/internal/service/subscription/usecase.go:39.2,40.37 2 0
github.com/example/subscriptions-service/internal/service/subscription/usecase.go:40.37,42.3 1 0
github.com/example/subscriptions-service/internal/service/subscription/usecase.go:43.2,43.34 1 0
github.com/example/subscriptions-service/internal/service/subscription/usecase.go:46.68,48.2 1 0
github.com/example/subscriptions-service/internal/service/subscription/usecase.go:50.91,51.35 1 0
github.com/example/subscriptions-service/internal/service/subscription/usecase.go:51.35,53.3 1 0
github.com/example/subscriptions-service/internal/service/subscription/usecase.go:54.2,54.18 1 0
github.com/example/subscriptions-service/internal/service/subscription/usecase.go:54.18,56.3 1 0
github.com/example/subscriptions-service/internal/service/subscription/usecase.go:57.2,57.29 1 0
github.com/example/subscriptions-service/internal/service/subscription/usecase.go:60.78,61.37 1 0
github.com/example/subscriptions-service/internal/service/subscription/usecase.go:61.37,63.3 1 0
github.com/example/subscriptions-service/internal/service/subscription/usecase.go:64.2,64.34 1 0
github.com/example/subscriptions-service/internal/service/subscription/usecase.go:67.90,69.16 2 0
github.com/example/subscriptions-service/internal/service/subscription/usecase.go:69.16,71.3 1 0
github.com/example/subscriptions-service/internal/service/subscription/usecase.go:72.2,72.38 1 0
github.com/example/subscriptions-service/internal/service/subscription/usecase.go:72.38,74.3 1 0
github.com/example/subscriptions-service/internal/service/subscription/usecase.go:75.2,76.16 2 0
github.com/example/subscriptions-service/internal/service/subscription/usecase.go:76.16,78.3 1 0
github.com/example/subscriptions-service/internal/service/subscription/usecase.go:79.2,79.25 1 0
github.com/example/subscriptions-service/internal/transport/http/router.go:11.82,15.2 3 1
github.com/example/subscriptions-service/internal/transport/http/handler/subscription_handler.go:23.92,25.2 1 1
github.com/example/subscriptions-service/internal/transport/http/handler/subscription_handler.go:50.60,58.2 7 1
github.com/example/subscriptions-service/internal/transport/http/handler/subscription_handler.go:60.78,62.2 1 1
github.com/example/subscriptions-service/internal/transport/http/handler/subscription_handler.go:64.78,66.44 2 0
github.com/example/subscriptions-service/internal/transport/http/handler/subscription_handler.go:66.44,69.3 2 0
github.com/example/subscriptions-service/internal/transport/http/handler/subscription_handler.go:70.2,71.16 2 0
github.com/example/subscriptions-service/internal/transport/http/handler/subscription_handler.go:71.16,74.3 2 0
github.com/example/subscriptions-service/internal/transport/http/handler/subscription_handler.go:75.2,76.16 2 0
github.com/example/subscriptions-service/internal/transport/http/handler/subscription_handler.go:76.16,79.3 2 0
github.com/example/subscriptions-service/internal/transport/http/handler/subscription_handler.go:80.2,80.49 1 0
github.com/example/subscriptions-service/internal/transport/http/handler/subscription_handler.go:83.75,85.16 2 0
github.com/example/subscriptions-service/internal/transport/http/handler/subscription_handler.go:85.16,88.3 2 0
github.com/example/subscriptions-service/internal/transport/http/handler/subscription_handler.go:89.2,90.16 2 0
github.com/example/subscriptions-service/internal/transport/http/handler/subscription_handler.go:90.16,93.3 2 0
github.com/example/subscriptions-service/internal/transport/http/handler/subscription_handler.go:94.2,94.44 1 0
github.com/example/subscriptions-service/internal/transport/http/handler/subscription_handler.go:97.78,99.16 2 0
github.com/example/subscriptions-service/internal/transport/http/handler/subscription_handler.go:99.16,102.3 2 0
github.com/example/subscriptions-service/internal/transport/http/handler/subscription_handler.go:103.2,104.44 2 0
github.com/example/subscriptions-service/internal/transport/http/handler/subscription_handler.go:104.44,107.3 2 0
github.com/example/subscriptions-service/internal/transport/http/handler/subscription_handler.go:108.2,109.16 2 0
github.com/example/subscriptions-service/internal/transport/http/handler/subscription_handler.go:109.16,112.3 2 0
github.com/example/subscriptions-service/internal/transport/http/handler/subscription_handler.go:113.2,114.16 2 0
github.com/example/subscriptions-service/internal/transport/http/handler/subscription_handler.go:114.16,117.3 2 0
github.com/example/subscriptions-service/internal/transport/http/handler/subscription_handler.go:118.2,118.44 1 0
github.com/example/subscriptions-service/internal/transport/http/handler/subscription_handler.go:121.78,123.16 2 0
github.com/example/subscriptions-service/internal/transport/http/handler/subscription_handler.go:123.16,126.3 2 0
github.com/example/subscriptions-service/internal/transport/http/handler/subscription_handler.go:127.2,127.53 1 0
github.com/example/subscriptions-service/internal/transport/http/handler/subscription_handler.go:127.53,130.3 2 0
github.com/example/subscriptions-service/internal/transport/http/handler/subscription_handler.go:131.2,131.37 1 0
github.com/example/subscriptions-service/internal/transport/http/handler/subscription_handler.go:134.76,136.16 2 0
github.com/example/subscriptions-service/internal/transport/http/handler/subscription_handler.go:136.16,139.3 2 0
github.com/example/subscriptions-service/internal/transport/http/handler/subscription_handler.go:140.2,141.16 2 0
github.com/example/subscriptions-service/internal/transport/http/handler/subscription_handler.go:141.16,144.3 2 0
github.com/example/subscriptions-service/internal/transport/http/handler/subscription_handler.go:145.2,146.23 2 0
github.com/example/subscriptions-service/internal/transport/http/handler/subscription_handler.go:146.23,148.3 1 0
github.com/example/subscriptions-service/internal/transport/http/handler/subscription_handler.go:149.2,149.60 1 0
github.com/example/subscriptions-service/internal/transport/http/handler/subscription_handler.go:152.81,155.16 3 0
github.com/example/subscriptions-service/internal/transport/http/handler/subscription_handler.go:155.16,158.3 2 0
github.com/example/subscriptions-service/internal/transport/http/handler/subscription_handler.go:159.2,160.16 2 0
github.com/example/subscriptions-service/internal/transport/http/handler/subscription_handler.go:160.16,163.3 2 0
github.com/example/subscriptions-service/internal/transport/http/handler/subscription_handler.go:164.2,165.36 2 0
github.com/example/subscriptions-service/internal/transport/http/handler/subscription_handler.go:165.36,167.17 2 0
github.com/example/subscriptions-service/internal/transport/http/handler/subscription_handler.go:167.17,170.4 2 0
github.com/example/subscriptions-service/internal/transport/http/handler/subscription_handler.go:171.3,171.15 1 0
github.com/example/subscriptions-service/internal/transport/http/handler/subscription_handler.go:173.2,174.60 2 0
github.com/example/subscriptions-service/internal/transport/http/handler/subscription_handler.go:174.60,176.3 1 0
github.com/example/subscriptions-service/internal/transport/http/handler/subscription_handler.go:177.2,178.16 2 0
github.com/example/subscriptions-service/internal/transport/http/handler/subscription_handler.go:178.16,181.3 2 0
github.com/example/subscriptions-service/internal/transport/http/handler/subscription_handler.go:182.2,182.66 1 0
github.com/example/subscriptions-service/internal/transport/http/handler/subscription_handler.go:185.63,188.36 3 0
github.com/example/subscriptions-service/internal/transport/http/handler/subscription_handler.go:188.36,190.17 2 0
github.com/example/subscriptions-service/internal/transport/http/handler/subscription_handler.go:190.17,192.4 1 0
github.com/example/subscriptions-service/internal/transport/http/handler/subscription_handler.go:193.3,193.17 1 0
github.com/example/subscriptions-service/internal/transport/http/handler/subscription_handler.go:195.2,195.60 1 0
github.com/example/subscriptions-service/internal/transport/http/handler/subscription_handler.go:195.60,197.3 1 0
github.com/example/subscriptions-service/internal/transport/http/handler/subscription_handler.go:198.2,198.34 1 0
github.com/example/subscriptions-service/internal/transport/http/handler/subscription_handler.go:198.34,200.17 2 0
github.com/example/subscriptions-service/internal/transport/http/handler/subscription_handler.go:200.17,202.4 1 0
github.com/example/subscriptions-service/internal/transport/http/handler/subscription_handler.go:203.3,203.14 1 0
github.com/example/subscriptions-service/internal/transport/http/handler/subscription_handler.go:205.2,205.35 1 0
github.com/example/subscriptions-service/internal/transport/http/handler/subscription_handler.go:205.35,207.17 2 0
github.com/example/subscriptions-service/internal/transport/http/handler/subscription_handler.go:207.17,209.4 1 0
github.com/example/subscriptions-service/internal/transport/http/handler/subscription_handler.go:210.3,210.15 1 0
github.com/example/subscriptions-service/internal/transport/http/handler/subscription_handler.go:212.2,212.15 1 0
github.com/example/subscriptions-service/internal/transport/http/handler/subscription_handler.go:215.74,217.16 2 0
github.com/example/subscriptions-service/internal/transport/http/handler/subscription_handler.go:217.16,219.3 1 0
github.com/example/subscriptions-service/internal/transport/http/handler/subscription_handler.go:220.2,220.139 1 0
github.com/example/subscriptions-service/internal/transport/http/handler/subscription_handler.go:223.88,225.16 2 0
github.com/example/subscriptions-service/internal/transport/http/handler/subscription_handler.go:225.16,227.3 1 0
github.com/example/subscriptions-service/internal/transport/http/handler/subscription_handler.go:228.2,228.151 1 0
github.com/example/subscriptions-service/internal/transport/http/handler/subscription_handler.go:231.62,233.23 2 0
github.com/example/subscriptions-service/internal/transport/http/handler/subscription_handler.go:233.23,236.3 2 0
github.com/example/subscriptions-service/internal/transport/http/handler/subscription_handler.go:237.2,237.287 1 0
github.com/example/subscriptions-service/internal/transport/http/handler/subscription_handler.go:240.49,244.40 4 0
github.com/example/subscriptions-service/internal/transport/http/handler/subscription_handler.go:244.40,246.3 1 0
github.com/example/subscriptions-service/internal/transport/http/handler/subscription_handler.go:247.2,248.46 2 0
github.com/example/subscriptions-service/internal/transport/http/handler/subscription_handler.go:248.46,249.17 1 0
github.com/example/subscriptions-service/internal/transport/http/handler/subscription_handler.go:249.17,251.4 1 0
github.com/example/subscriptions-service/internal/transport/http/handler/subscription_handler.go:252.3,252.70 1 0
github.com/example/subscriptions-service/internal/transport/http/handler/subscription_handler.go:254.2,254.12 1 0
github.com/example/subscriptions-service/internal/transport/http/handler/subscription_handler.go:257.58,261.2 3 1
github.com/example/subscriptions-service/internal/transport/http/handler/subscription_handler.go:263.63,265.2 1 0
github.com/example/subscriptions-service/internal/transport/http/handler/subscription_handler.go:267.77,268.9 1 0
github.com/example/subscriptions-service/internal/transport/http/handler/subscription_handler.go:269.42,270.42 1 0
github.com/example/subscriptions-service/internal/transport/http/handler/subscription_handler.go:271.133,272.44 1 0
github.com/example/subscriptions-service/internal/transport/http/handler/subscription_handler.go:273.10,275.78 2 0
github.com/example/subscriptions-service/internal/transport/http/middleware/logging.go:14.48,14.103 2 1
github.com/example/subscriptions-service/internal/transport/http/middleware/logging.go:16.64,17.46 1 1
github.com/example/subscriptions-service/internal/transport/http/middleware/logging.go:17.46,18.72 1 1
github.com/example/subscriptions-service/internal/transport/http/middleware/logging.go:18.72,23.4 4 1
github.com/example/subscriptions-service/internal/transport/http/middleware/recover.go:9.64,10.46 1 1
github.com/example/subscriptions-service/internal/transport/http/middleware/recover.go:10.46,11.72 1 1
github.com/example/subscriptions-service/internal/transport/http/middleware/recover.go:11.72,12.17 1 1
github.com/example/subscriptions-service/internal/transport/http/middleware/recover.go:12.17,13.37 1 1
github.com/example/subscriptions-service/internal/transport/http/middleware/recover.go:13.37,18.6 4 0
github.com/example/subscriptions-service/internal/transport/http/middleware/recover.go:20.4,20.24 1 1
github.com/example/subscriptions-service/cmd/app/main.go:30.71,32.3 1 0
github.com/example/subscriptions-service/cmd/app/main.go:35.13,36.34 1 0
github.com/example/subscriptions-service/cmd/app/main.go:36.34,39.3 2 0
github.com/example/subscriptions-service/cmd/app/main.go:42.22,48.16 5 0
github.com/example/subscriptions-service/cmd/app/main.go:48.16,50.3 1 0
github.com/example/subscriptions-service/cmd/app/main.go:52.2,52.22 1 0
github.com/example/subscriptions-service/cmd/app/main.go:55.54,60.16 4 0
github.com/example/subscriptions-service/cmd/app/main.go:60.16,62.3 1 0
github.com/example/subscriptions-service/cmd/app/main.go:63.2,71.12 7 0
github.com/example/subscriptions-service/cmd/app/main.go:71.12,73.87 2 0
github.com/example/subscriptions-service/cmd/app/main.go:73.87,76.4 2 0
github.com/example/subscriptions-service/cmd/app/main.go:79.2,82.50 4 0
github.com/example/subscriptions-service/cmd/app/main.go:82.50,84.3 1 0
github.com/example/subscriptions-service/cmd/app/main.go:85.2,86.12 2 0
github.com/example/subscriptions-service/internal/config/config.go:30.41,33.16 3 0
github.com/example/subscriptions-service/internal/config/config.go:33.16,35.17 2 0
github.com/example/subscriptions-service/internal/config/config.go:35.17,37.4 1 0
github.com/example/subscriptions-service/internal/config/config.go:38.3,38.49 1 0
github.com/example/subscriptions-service/internal/config/config.go:38.49,40.4 1 0
github.com/example/subscriptions-service/internal/config/config.go:42.2,43.28 2 0
github.com/example/subscriptions-service/internal/config/config.go:43.28,45.3 1 0
github.com/example/subscriptions-service/internal/config/config.go:46.2,46.18 1 0
github.com/example/subscriptions-service/internal/config/config.go:49.29,54.2 1 0
github.com/example/subscriptions-service/internal/config/config.go:56.28,57.42 1 0
github.com/example/subscriptions-service/internal/config/config.go:57.42,59.3 1 0
github.com/example/subscriptions-service/internal/config/config.go:60.2,60.45 1 0
github.com/example/subscriptions-service/internal/config/config.go:60.45,62.3 1 0
github.com/example/subscriptions-service/internal/config/config.go:63.2,63.51 1 0
github.com/example/subscriptions-service/internal/config/config.go:63.51,64.44 1 0
github.com/example/subscriptions-service/internal/config/config.go:64.44,66.4 1 0
github.com/example/subscriptions-service/internal/config/config.go:68.2,68.51 1 0
github.com/example/subscriptions-service/internal/config/config.go:68.51,69.44 1 0
github.com/example/subscriptions-service/internal/config/config.go:69.44,71.4 1 0
github.com/example/subscriptions-service/internal/config/config.go:73.2,73.59 1 0
github.com/example/subscriptions-service/internal/config/config.go:73.59,74.50 1 0
github.com/example/subscriptions-service/internal/config/config.go:74.50,76.4 1 0
github.com/example/subscriptions-service/internal/domain/subscription/month.go:14.58,15.63 1 0
github.com/example/subscriptions-service/internal/domain/subscription/month.go:15.63,17.3 1 0
github.com/example/subscriptions-service/internal/domain/subscription/month.go:18.2,18.74 1 0
github.com/example/subscriptions-service/internal/domain/subscription/month.go:21.46,23.16 2 0
github.com/example/subscriptions-service/internal/domain/subscription/month.go:23.16,25.3 1 0
github.com/example/subscriptions-service/internal/domain/subscription/month.go:26.2,26.82 1 0
github.com/example/subscriptions-service/internal/domain/subscription/month.go:29.32,31.2 1 0
github.com/example/subscriptions-service/internal/domain/subscription/month.go:33.41,33.77 1 0
github.com/example/subscriptions-service/internal/domain/subscription/month.go:34.41,34.76 1 0
github.com/example/subscriptions-service/internal/domain/subscription/subscription.go:21.107,30.37 2 0
github.com/example/subscriptions-service/internal/domain/subscription/subscription.go:30.37,32.3 1 0
github.com/example/subscriptions-service/internal/domain/subscription/subscription.go:33.2,33.15 1 0
github.com/example/subscriptions-service/internal/domain/subscription/subscription.go:36.41,37.44 1 0
github.com/example/subscriptions-service/internal/domain/subscription/subscription.go:37.44,39.3 1 0
github.com/example/subscriptions-service/internal/domain/subscription/subscription.go:40.2,40.18 1 0
github.com/example/subscriptions-service/internal/domain/subscription/subscription.go:40.18,42.3 1 0
github.com/example/subscriptions-service/internal/domain/subscription/subscription.go:43.2,43.26 1 0
github.com/example/subscriptions-service/internal/domain/subscription/subscription.go:43.26,45.3 1 0
github.com/example/subscriptions-service/internal/domain/subscription/subscription.go:46.2,46.58 1 0
github.com/example/subscriptions-service/internal/domain/subscription/subscription.go:46.58,48.3 1 0
github.com/example/subscriptions-service/internal/domain/subscription/subscription.go:49.2,49.12 1 0
github.com/example/subscriptions-service/internal/infrastructure/logger/logger.go:8.25,10.2 1 0
github.com/example/subscriptions-service/internal/repository/postgres/pool.go:11.85,13.16 2 0
github.com/example/subscriptions-service/internal/repository/postgres/pool.go:13.16,15.3 1 0
github.com/example/subscriptions-service/internal/repository/postgres/pool.go:16.2,20.16 5 0
github.com/example/subscriptions-service/internal/repository/postgres/pool.go:20.16,22.3 1 0
github.com/example/subscriptions-service/internal/repository/postgres/pool.go:23.2,23.39 1 0
github.com/example/subscriptions-service/internal/repository/postgres/pool.go:23.39,26.3 2 0
github.com/example/subscriptions-service/internal/repository/postgres/pool.go:27.2,27.18 1 0
github.com/example/subscriptions-service/internal/repository/postgres/subscription_repository.go:27.70,29.2 1 0
github.com/example/subscriptions-service/internal/repository/postgres/subscription_repository.go:31.92,34.23 3 0
github.com/example/subscriptions-service/internal/repository/postgres/subscription_repository.go:34.23,36.3 1 0
github.com/example/subscriptions-service/internal/repository/postgres/subscription_repository.go:37.2,37.133 1 0
github.com/example/subscriptions-service/internal/repository/postgres/subscription_repository.go:40.107,43.35 3 0
github.com/example/subscriptions-service/internal/repository/postgres/subscription_repository.go:43.35,45.3 1 0
github.com/example/subscriptions-service/internal/repository/postgres/subscription_repository.go:46.2,46.15 1 0
github.com/example/subscriptions-service/internal/repository/postgres/subscription_repository.go:49.92,52.23 3 0
github.com/example/subscriptions-service/internal/repository/postgres/subscription_repository.go:52.23,54.3 1 0
github.com/example/subscriptions-service/internal/repository/postgres/subscription_repository.go:55.2,56.35 2 0
github.com/example/subscriptions-service/internal/repository/postgres/subscription_repository.go:56.35,58.3 1 0
github.com/example/subscriptions-service/internal/repository/postgres/subscription_repository.go:59.2,59.12 1 0
github.com/example/subscriptions-service/internal/repository/postgres/subscription_repository.go:62.82,64.16 2 0
github.com/example/subscriptions-service/internal/repository/postgres/subscription_repository.go:64.16,66.3 1 0
github.com/example/subscriptions-service/internal/repository/postgres/subscription_repository.go:67.2,67.28 1 0
github.com/example/subscriptions-service/internal/repository/postgres/subscription_repository.go:67.28,69.3 1 0
github.com/example/subscriptions-service/internal/repository/postgres/subscription_repository.go:70.2,70.12 1 0
github.com/example/subscriptions-service/internal/repository/postgres/subscription_repository.go:73.113,78.16 5 0
github.com/example/subscriptions-service/internal/repository/postgres/subscription_repository.go:78.16,80.3 1 0
github.com/example/subscriptions-service/internal/repository/postgres/subscription_repository.go:81.2,83.18 3 0
github.com/example/subscriptions-service/internal/repository/postgres/subscription_repository.go:83.18,85.17 2 0
github.com/example/subscriptions-service/internal/repository/postgres/subscription_repository.go:85.17,87.4 1 0
github.com/example/subscriptions-service/internal/repository/postgres/subscription_repository.go:88.3,88.28 1 0
github.com/example/subscriptions-service/internal/repository/postgres/subscription_repository.go:90.2,90.26 1 0
github.com/example/subscriptions-service/internal/repository/postgres/subscription_repository.go:93.100,97.17 4 0
github.com/example/subscriptions-service/internal/repository/postgres/subscription_repository.go:97.17,99.3 1 0
github.com/example/subscriptions-service/internal/repository/postgres/subscription_repository.go:99.8,101.3 1 0
github.com/example/subscriptions-service/internal/repository/postgres/subscription_repository.go:102.2,110.74 4 0
github.com/example/subscriptions-service/internal/repository/postgres/subscription_repository.go:110.74,112.3 1 0
github.com/example/subscriptions-service/internal/repository/postgres/subscription_repository.go:113.2,113.19 1 0
github.com/example/subscriptions-service/internal/repository/postgres/subscription_repository.go:116.81,119.19 3 0
github.com/example/subscriptions-service/internal/repository/postgres/subscription_repository.go:119.19,122.3 2 0
github.com/example/subscriptions-service/internal/repository/postgres/subscription_repository.go:123.2,123.65 1 0
github.com/example/subscriptions-service/internal/repository/postgres/subscription_repository.go:123.65,126.3 2 0
github.com/example/subscriptions-service/internal/repository/postgres/subscription_repository.go:127.2,127.23 1 0
github.com/example/subscriptions-service/internal/repository/postgres/subscription_repository.go:127.23,129.3 1 0
github.com/example/subscriptions-service/internal/repository/postgres/subscription_repository.go:130.2,130.56 1 0
github.com/example/subscriptions-service/internal/repository/postgres/subscription_repository.go:133.88,135.2 1 0
github.com/example/subscriptions-service/internal/repository/postgres/subscription_repository.go:137.95,141.119 4 0
github.com/example/subscriptions-service/internal/repository/postgres/subscription_repository.go:141.119,143.3 1 0
github.com/example/subscriptions-service/internal/repository/postgres/subscription_repository.go:144.2,145.16 2 0
github.com/example/subscriptions-service/internal/repository/postgres/subscription_repository.go:145.16,148.3 2 0
github.com/example/subscriptions-service/internal/repository/postgres/subscription_repository.go:149.2,149.16 1 0
github.com/example/subscriptions-service/internal/service/subscription/usecase.go:14.43,16.2 1 0
github.com/example/subscriptions-service/internal/service/subscription/usecase.go:18.97,20.16 2 0
github.com/example/subscriptions-service/internal/service/subscription/usecase.go:20.16,22.3 1 0
github.com/example/subscriptions-service/internal/service/subscription/usecase.go:23.2,24.16 2 0
github.com/example/subscriptions-service/internal/service/subscription/usecase.go:24.16,26.3 1 0
github.com/example/subscriptions-service/internal/service/subscription/usecase.go:27.2,27.34 1 0
github.com/example/subscriptions-service/internal/service/subscription/usecase.go:30.89,32.2 1 0
github.com/example/subscriptions-service/internal/service/subscription/usecase.go:34.97,36.16 2 0
github.com/example/subscriptions-service/internal/service/subscription/usecase.go:36.16,38.3 1 0
github.com/example/subscriptions-service/internal/service/subscription/usecase.go:39.2,40.37 2 0
github.com/example/subscriptions-service/internal/service/subscription/usecase.go:40.37,42.3 1 0
github.com/example/subscriptions-service/internal/service/subscription/usecase.go:43.2,43.34 1 0
github.com/example/subscriptions-service/internal/service/subscription/usecase.go:46.68,48.2 1 0
github.com/example/subscriptions-service/internal/service/subscription/usecase.go:50.91,51.35 1 0
github.com/example/subscriptions-service/internal/service/subscription/usecase.go:51.35,53.3 1 0
github.com/example/subscriptions-service/internal/service/subscription/usecase.go:54.2,54.18 1 0
github.com/example/subscriptions-service/internal/service/subscription/usecase.go:54.18,56.3 1 0
github.com/example/subscriptions-service/internal/service/subscription/usecase.go:57.2,57.29 1 0
github.com/example/subscriptions-service/internal/service/subscription/usecase.go:60.78,61.37 1 0
github.com/example/subscriptions-service/internal/service/subscription/usecase.go:61.37,63.3 1 0
github.com/example/subscriptions-service/internal/service/subscription/usecase.go:64.2,64.34 1 0
github.com/example/subscriptions-service/internal/service/subscription/usecase.go:67.90,69.16 2 0
github.com/example/subscriptions-service/internal/service/subscription/usecase.go:69.16,71.3 1 0
github.com/example/subscriptions-service/internal/service/subscription/usecase.go:72.2,72.38 1 0
github.com/example/subscriptions-service/internal/service/subscription/usecase.go:72.38,74.3 1 0
github.com/example/subscriptions-service/internal/service/subscription/usecase.go:75.2,76.16 2 0
github.com/example/subscriptions-service/internal/service/subscription/usecase.go:76.16,78.3 1 0
github.com/example/subscriptions-service/internal/service/subscription/usecase.go:79.2,79.25 1 0
github.com/example/subscriptions-service/internal/transport/http/router.go:11.82,15.2 3 0
github.com/example/subscriptions-service/internal/transport/http/handler/subscription_handler.go:23.92,25.2 1 0
github.com/example/subscriptions-service/internal/transport/http/handler/subscription_handler.go:50.60,58.2 7 0
github.com/example/subscriptions-service/internal/transport/http/handler/subscription_handler.go:60.78,62.2 1 0
github.com/example/subscriptions-service/internal/transport/http/handler/subscription_handler.go:64.78,66.44 2 0
github.com/example/subscriptions-service/internal/transport/http/handler/subscription_handler.go:66.44,69.3 2 0
github.com/example/subscriptions-service/internal/transport/http/handler/subscription_handler.go:70.2,71.16 2 0
github.com/example/subscriptions-service/internal/transport/http/handler/subscription_handler.go:71.16,74.3 2 0
github.com/example/subscriptions-service/internal/transport/http/handler/subscription_handler.go:75.2,76.16 2 0
github.com/example/subscriptions-service/internal/transport/http/handler/subscription_handler.go:76.16,79.3 2 0
github.com/example/subscriptions-service/internal/transport/http/handler/subscription_handler.go:80.2,80.49 1 0
github.com/example/subscriptions-service/internal/transport/http/handler/subscription_handler.go:83.75,85.16 2 0
github.com/example/subscriptions-service/internal/transport/http/handler/subscription_handler.go:85.16,88.3 2 0
github.com/example/subscriptions-service/internal/transport/http/handler/subscription_handler.go:89.2,90.16 2 0
github.com/example/subscriptions-service/internal/transport/http/handler/subscription_handler.go:90.16,93.3 2 0
github.com/example/subscriptions-service/internal/transport/http/handler/subscription_handler.go:94.2,94.44 1 0
github.com/example/subscriptions-service/internal/transport/http/handler/subscription_handler.go:97.78,99.16 2 0
github.com/example/subscriptions-service/internal/transport/http/handler/subscription_handler.go:99.16,102.3 2 0
github.com/example/subscriptions-service/internal/transport/http/handler/subscription_handler.go:103.2,104.44 2 0
github.com/example/subscriptions-service/internal/transport/http/handler/subscription_handler.go:104.44,107.3 2 0
github.com/example/subscriptions-service/internal/transport/http/handler/subscription_handler.go:108.2,109.16 2 0
github.com/example/subscriptions-service/internal/transport/http/handler/subscription_handler.go:109.16,112.3 2 0
github.com/example/subscriptions-service/internal/transport/http/handler/subscription_handler.go:113.2,114.16 2 0
github.com/example/subscriptions-service/internal/transport/http/handler/subscription_handler.go:114.16,117.3 2 0
github.com/example/subscriptions-service/internal/transport/http/handler/subscription_handler.go:118.2,118.44 1 0
github.com/example/subscriptions-service/internal/transport/http/handler/subscription_handler.go:121.78,123.16 2 0
github.com/example/subscriptions-service/internal/transport/http/handler/subscription_handler.go:123.16,126.3 2 0
github.com/example/subscriptions-service/internal/transport/http/handler/subscription_handler.go:127.2,127.53 1 0
github.com/example/subscriptions-service/internal/transport/http/handler/subscription_handler.go:127.53,130.3 2 0
github.com/example/subscriptions-service/internal/transport/http/handler/subscription_handler.go:131.2,131.37 1 0
github.com/example/subscriptions-service/internal/transport/http/handler/subscription_handler.go:134.76,136.16 2 0
github.com/example/subscriptions-service/internal/transport/http/handler/subscription_handler.go:136.16,139.3 2 0
github.com/example/subscriptions-service/internal/transport/http/handler/subscription_handler.go:140.2,141.16 2 0
github.com/example/subscriptions-service/internal/transport/http/handler/subscription_handler.go:141.16,144.3 2 0
github.com/example/subscriptions-service/internal/transport/http/handler/subscription_handler.go:145.2,146.23 2 0
github.com/example/subscriptions-service/internal/transport/http/handler/subscription_handler.go:146.23,148.3 1 0
github.com/example/subscriptions-service/internal/transport/http/handler/subscription_handler.go:149.2,149.60 1 0
github.com/example/subscriptions-service/internal/transport/http/handler/subscription_handler.go:152.81,155.16 3 0
github.com/example/subscriptions-service/internal/transport/http/handler/subscription_handler.go:155.16,158.3 2 0
github.com/example/subscriptions-service/internal/transport/http/handler/subscription_handler.go:159.2,160.16 2 0
github.com/example/subscriptions-service/internal/transport/http/handler/subscription_handler.go:160.16,163.3 2 0
github.com/example/subscriptions-service/internal/transport/http/handler/subscription_handler.go:164.2,165.36 2 0
github.com/example/subscriptions-service/internal/transport/http/handler/subscription_handler.go:165.36,167.17 2 0
github.com/example/subscriptions-service/internal/transport/http/handler/subscription_handler.go:167.17,170.4 2 0
github.com/example/subscriptions-service/internal/transport/http/handler/subscription_handler.go:171.3,171.15 1 0
github.com/example/subscriptions-service/internal/transport/http/handler/subscription_handler.go:173.2,174.60 2 0
github.com/example/subscriptions-service/internal/transport/http/handler/subscription_handler.go:174.60,176.3 1 0
github.com/example/subscriptions-service/internal/transport/http/handler/subscription_handler.go:177.2,178.16 2 0
github.com/example/subscriptions-service/internal/transport/http/handler/subscription_handler.go:178.16,181.3 2 0
github.com/example/subscriptions-service/internal/transport/http/handler/subscription_handler.go:182.2,182.66 1 0
github.com/example/subscriptions-service/internal/transport/http/handler/subscription_handler.go:185.63,188.36 3 0
github.com/example/subscriptions-service/internal/transport/http/handler/subscription_handler.go:188.36,190.17 2 0
github.com/example/subscriptions-service/internal/transport/http/handler/subscription_handler.go:190.17,192.4 1 0
github.com/example/subscriptions-service/internal/transport/http/handler/subscription_handler.go:193.3,193.17 1 0
github.com/example/subscriptions-service/internal/transport/http/handler/subscription_handler.go:195.2,195.60 1 0
github.com/example/subscriptions-service/internal/transport/http/handler/subscription_handler.go:195.60,197.3 1 0
github.com/example/subscriptions-service/internal/transport/http/handler/subscription_handler.go:198.2,198.34 1 0
github.com/example/subscriptions-service/internal/transport/http/handler/subscription_handler.go:198.34,200.17 2 0
github.com/example/subscriptions-service/internal/transport/http/handler/subscription_handler.go:200.17,202.4 1 0
github.com/example/subscriptions-service/internal/transport/http/handler/subscription_handler.go:203.3,203.14 1 0
github.com/example/subscriptions-service/internal/transport/http/handler/subscription_handler.go:205.2,205.35 1 0
github.com/example/subscriptions-service/internal/transport/http/handler/subscription_handler.go:205.35,207.17 2 0
github.com/example/subscriptions-service/internal/transport/http/handler/subscription_handler.go:207.17,209.4 1 0
github.com/example/subscriptions-service/internal/transport/http/handler/subscription_handler.go:210.3,210.15 1 0
github.com/example/subscriptions-service/internal/transport/http/handler/subscription_handler.go:212.2,212.15 1 0
github.com/example/subscriptions-service/internal/transport/http/handler/subscription_handler.go:215.74,217.16 2 0
github.com/example/subscriptions-service/internal/transport/http/handler/subscription_handler.go:217.16,219.3 1 0
github.com/example/subscriptions-service/internal/transport/http/handler/subscription_handler.go:220.2,220.139 1 0
github.com/example/subscriptions-service/internal/transport/http/handler/subscription_handler.go:223.88,225.16 2 0
github.com/example/subscriptions-service/internal/transport/http/handler/subscription_handler.go:225.16,227.3 1 0
github.com/example/subscriptions-service/internal/transport/http/handler/subscription_handler.go:228.2,228.151 1 0
github.com/example/subscriptions-service/internal/transport/http/handler/subscription_handler.go:231.62,233.23 2 0
github.com/example/subscriptions-service/internal/transport/http/handler/subscription_handler.go:233.23,236.3 2 0
github.com/example/subscriptions-service/internal/transport/http/handler/subscription_handler.go:237.2,237.287 1 0
github.com/example/subscriptions-service/internal/transport/http/handler/subscription_handler.go:240.49,244.40 4 0
github.com/example/subscriptions-service/internal/transport/http/handler/subscription_handler.go:244.40,246.3 1 0
github.com/example/subscriptions-service/internal/transport/http/handler/subscription_handler.go:247.2,248.46 2 0
github.com/example/subscriptions-service/internal/transport/http/handler/subscription_handler.go:248.46,249.17 1 0
github.com/example/subscriptions-service/internal/transport/http/handler/subscription_handler.go:249.17,251.4 1 0
github.com/example/subscriptions-service/internal/transport/http/handler/subscription_handler.go:252.3,252.70 1 0
github.com/example/subscriptions-service/internal/transport/http/handler/subscription_handler.go:254.2,254.12 1 0
github.com/example/subscriptions-service/internal/transport/http/handler/subscription_handler.go:257.58,261.2 3 0
github.com/example/subscriptions-service/internal/transport/http/handler/subscription_handler.go:263.63,265.2 1 0
github.com/example/subscriptions-service/internal/transport/http/handler/subscription_handler.go:267.77,268.9 1 0
github.com/example/subscriptions-service/internal/transport/http/handler/subscription_handler.go:269.42,270.42 1 0
github.com/example/subscriptions-service/internal/transport/http/handler/subscription_handler.go:271.133,272.44 1 0
github.com/example/subscriptions-service/internal/transport/http/handler/subscription_handler.go:273.10,275.78 2 0
github.com/example/subscriptions-service/internal/transport/http/middleware/logging.go:14.48,14.103 2 1
github.com/example/subscriptions-service/internal/transport/http/middleware/logging.go:16.64,17.46 1 1
github.com/example/subscriptions-service/internal/transport/http/middleware/logging.go:17.46,18.72 1 1
github.com/example/subscriptions-service/internal/transport/http/middleware/logging.go:18.72,23.4 4 1
github.com/example/subscriptions-service/internal/transport/http/middleware/recover.go:9.64,10.46 1 1
github.com/example/subscriptions-service/internal/transport/http/middleware/recover.go:10.46,11.72 1 1
github.com/example/subscriptions-service/internal/transport/http/middleware/recover.go:11.72,12.17 1 1
github.com/example/subscriptions-service/internal/transport/http/middleware/recover.go:12.17,13.37 1 1
github.com/example/subscriptions-service/internal/transport/http/middleware/recover.go:13.37,18.6 4 1
github.com/example/subscriptions-service/internal/transport/http/middleware/recover.go:20.4,20.24 1 1
github.com/example/subscriptions-service/cmd/app/main.go:23.91,25.3 1 0
github.com/example/subscriptions-service/cmd/app/main.go:32.71,34.3 1 0
github.com/example/subscriptions-service/cmd/app/main.go:41.95,43.16 2 0
github.com/example/subscriptions-service/cmd/app/main.go:43.16,45.3 1 0
github.com/example/subscriptions-service/cmd/app/main.go:46.2,46.37 1 0
github.com/example/subscriptions-service/cmd/app/main.go:49.13,50.34 1 1
github.com/example/subscriptions-service/cmd/app/main.go:50.34,52.3 1 1
github.com/example/subscriptions-service/cmd/app/main.go:55.22,61.16 5 1
github.com/example/subscriptions-service/cmd/app/main.go:61.16,63.3 1 1
github.com/example/subscriptions-service/cmd/app/main.go:65.2,65.22 1 0
github.com/example/subscriptions-service/cmd/app/main.go:68.54,73.16 4 1
github.com/example/subscriptions-service/cmd/app/main.go:73.16,75.3 1 1
github.com/example/subscriptions-service/cmd/app/main.go:76.2,76.15 1 0
github.com/example/subscriptions-service/cmd/app/main.go:76.15,77.42 1 0
github.com/example/subscriptions-service/cmd/app/main.go:77.42,79.4 1 0
github.com/example/subscriptions-service/cmd/app/main.go:82.2,88.12 6 0
github.com/example/subscriptions-service/cmd/app/main.go:88.12,90.87 2 0
github.com/example/subscriptions-service/cmd/app/main.go:90.87,93.4 2 0
github.com/example/subscriptions-service/cmd/app/main.go:96.2,99.50 4 0
github.com/example/subscriptions-service/cmd/app/main.go:99.50,101.3 1 0
github.com/example/subscriptions-service/cmd/app/main.go:102.2,103.12 2 0
github.com/example/subscriptions-service/internal/config/config.go:30.41,33.16 3 0
github.com/example/subscriptions-service/internal/config/config.go:33.16,35.17 2 0
github.com/example/subscriptions-service/internal/config/config.go:35.17,37.4 1 0
github.com/example/subscriptions-service/internal/config/config.go:38.3,38.49 1 0
github.com/example/subscriptions-service/internal/config/config.go:38.49,40.4 1 0
github.com/example/subscriptions-service/internal/config/config.go:42.2,43.28 2 0
github.com/example/subscriptions-service/internal/config/config.go:43.28,45.3 1 0
github.com/example/subscriptions-service/internal/config/config.go:46.2,46.18 1 0
github.com/example/subscriptions-service/internal/config/config.go:49.29,54.2 1 0
github.com/example/subscriptions-service/internal/config/config.go:56.28,57.42 1 0
github.com/example/subscriptions-service/internal/config/config.go:57.42,59.3 1 0
github.com/example/subscriptions-service/internal/config/config.go:60.2,60.45 1 0
github.com/example/subscriptions-service/internal/config/config.go:60.45,62.3 1 0
github.com/example/subscriptions-service/internal/config/config.go:63.2,63.51 1 0
github.com/example/subscriptions-service/internal/config/config.go:63.51,64.44 1 0
github.com/example/subscriptions-service/internal/config/config.go:64.44,66.4 1 0
github.com/example/subscriptions-service/internal/config/config.go:68.2,68.51 1 0
github.com/example/subscriptions-service/internal/config/config.go:68.51,69.44 1 0
github.com/example/subscriptions-service/internal/config/config.go:69.44,71.4 1 0
github.com/example/subscriptions-service/internal/config/config.go:73.2,73.59 1 0
github.com/example/subscriptions-service/internal/config/config.go:73.59,74.50 1 0
github.com/example/subscriptions-service/internal/config/config.go:74.50,76.4 1 0
github.com/example/subscriptions-service/internal/domain/subscription/month.go:14.58,15.63 1 0
github.com/example/subscriptions-service/internal/domain/subscription/month.go:15.63,17.3 1 0
github.com/example/subscriptions-service/internal/domain/subscription/month.go:18.2,18.74 1 0
github.com/example/subscriptions-service/internal/domain/subscription/month.go:21.46,23.16 2 0
github.com/example/subscriptions-service/internal/domain/subscription/month.go:23.16,25.3 1 0
github.com/example/subscriptions-service/internal/domain/subscription/month.go:26.2,26.82 1 0
github.com/example/subscriptions-service/internal/domain/subscription/month.go:29.32,31.2 1 0
github.com/example/subscriptions-service/internal/domain/subscription/month.go:33.41,33.77 1 0
github.com/example/subscriptions-service/internal/domain/subscription/month.go:34.41,34.76 1 0
github.com/example/subscriptions-service/internal/domain/subscription/subscription.go:21.107,30.37 2 0
github.com/example/subscriptions-service/internal/domain/subscription/subscription.go:30.37,32.3 1 0
github.com/example/subscriptions-service/internal/domain/subscription/subscription.go:33.2,33.15 1 0
github.com/example/subscriptions-service/internal/domain/subscription/subscription.go:36.41,37.44 1 0
github.com/example/subscriptions-service/internal/domain/subscription/subscription.go:37.44,39.3 1 0
github.com/example/subscriptions-service/internal/domain/subscription/subscription.go:40.2,40.18 1 0
github.com/example/subscriptions-service/internal/domain/subscription/subscription.go:40.18,42.3 1 0
github.com/example/subscriptions-service/internal/domain/subscription/subscription.go:43.2,43.26 1 0
github.com/example/subscriptions-service/internal/domain/subscription/subscription.go:43.26,45.3 1 0
github.com/example/subscriptions-service/internal/domain/subscription/subscription.go:46.2,46.58 1 0
github.com/example/subscriptions-service/internal/domain/subscription/subscription.go:46.58,48.3 1 0
github.com/example/subscriptions-service/internal/domain/subscription/subscription.go:49.2,49.12 1 0
github.com/example/subscriptions-service/internal/infrastructure/logger/logger.go:8.25,10.2 1 1
github.com/example/subscriptions-service/internal/repository/postgres/pool.go:11.85,13.16 2 0
github.com/example/subscriptions-service/internal/repository/postgres/pool.go:13.16,15.3 1 0
github.com/example/subscriptions-service/internal/repository/postgres/pool.go:16.2,20.16 5 0
github.com/example/subscriptions-service/internal/repository/postgres/pool.go:20.16,22.3 1 0
github.com/example/subscriptions-service/internal/repository/postgres/pool.go:23.2,23.39 1 0
github.com/example/subscriptions-service/internal/repository/postgres/pool.go:23.39,26.3 2 0
github.com/example/subscriptions-service/internal/repository/postgres/pool.go:27.2,27.18 1 0
github.com/example/subscriptions-service/internal/repository/postgres/subscription_repository.go:27.70,29.2 1 0
github.com/example/subscriptions-service/internal/repository/postgres/subscription_repository.go:31.92,34.23 3 0
github.com/example/subscriptions-service/internal/repository/postgres/subscription_repository.go:34.23,36.3 1 0
github.com/example/subscriptions-service/internal/repository/postgres/subscription_repository.go:37.2,37.133 1 0
github.com/example/subscriptions-service/internal/repository/postgres/subscription_repository.go:40.107,43.35 3 0
github.com/example/subscriptions-service/internal/repository/postgres/subscription_repository.go:43.35,45.3 1 0
github.com/example/subscriptions-service/internal/repository/postgres/subscription_repository.go:46.2,46.15 1 0
github.com/example/subscriptions-service/internal/repository/postgres/subscription_repository.go:49.92,52.23 3 0
github.com/example/subscriptions-service/internal/repository/postgres/subscription_repository.go:52.23,54.3 1 0
github.com/example/subscriptions-service/internal/repository/postgres/subscription_repository.go:55.2,56.35 2 0
github.com/example/subscriptions-service/internal/repository/postgres/subscription_repository.go:56.35,58.3 1 0
github.com/example/subscriptions-service/internal/repository/postgres/subscription_repository.go:59.2,59.12 1 0
github.com/example/subscriptions-service/internal/repository/postgres/subscription_repository.go:62.82,64.16 2 0
github.com/example/subscriptions-service/internal/repository/postgres/subscription_repository.go:64.16,66.3 1 0
github.com/example/subscriptions-service/internal/repository/postgres/subscription_repository.go:67.2,67.28 1 0
github.com/example/subscriptions-service/internal/repository/postgres/subscription_repository.go:67.28,69.3 1 0
github.com/example/subscriptions-service/internal/repository/postgres/subscription_repository.go:70.2,70.12 1 0
github.com/example/subscriptions-service/internal/repository/postgres/subscription_repository.go:73.113,78.16 5 0
github.com/example/subscriptions-service/internal/repository/postgres/subscription_repository.go:78.16,80.3 1 0
github.com/example/subscriptions-service/internal/repository/postgres/subscription_repository.go:81.2,83.18 3 0
github.com/example/subscriptions-service/internal/repository/postgres/subscription_repository.go:83.18,85.17 2 0
github.com/example/subscriptions-service/internal/repository/postgres/subscription_repository.go:85.17,87.4 1 0
github.com/example/subscriptions-service/internal/repository/postgres/subscription_repository.go:88.3,88.28 1 0
github.com/example/subscriptions-service/internal/repository/postgres/subscription_repository.go:90.2,90.26 1 0
github.com/example/subscriptions-service/internal/repository/postgres/subscription_repository.go:93.100,97.17 4 0
github.com/example/subscriptions-service/internal/repository/postgres/subscription_repository.go:97.17,99.3 1 0
github.com/example/subscriptions-service/internal/repository/postgres/subscription_repository.go:99.8,101.3 1 0
github.com/example/subscriptions-service/internal/repository/postgres/subscription_repository.go:102.2,110.74 4 0
github.com/example/subscriptions-service/internal/repository/postgres/subscription_repository.go:110.74,112.3 1 0
github.com/example/subscriptions-service/internal/repository/postgres/subscription_repository.go:113.2,113.19 1 0
github.com/example/subscriptions-service/internal/repository/postgres/subscription_repository.go:116.81,119.19 3 0
github.com/example/subscriptions-service/internal/repository/postgres/subscription_repository.go:119.19,122.3 2 0
github.com/example/subscriptions-service/internal/repository/postgres/subscription_repository.go:123.2,123.65 1 0
github.com/example/subscriptions-service/internal/repository/postgres/subscription_repository.go:123.65,126.3 2 0
github.com/example/subscriptions-service/internal/repository/postgres/subscription_repository.go:127.2,127.23 1 0
github.com/example/subscriptions-service/internal/repository/postgres/subscription_repository.go:127.23,129.3 1 0
github.com/example/subscriptions-service/internal/repository/postgres/subscription_repository.go:130.2,130.56 1 0
github.com/example/subscriptions-service/internal/repository/postgres/subscription_repository.go:133.88,135.2 1 0
github.com/example/subscriptions-service/internal/repository/postgres/subscription_repository.go:137.95,141.119 4 0
github.com/example/subscriptions-service/internal/repository/postgres/subscription_repository.go:141.119,143.3 1 0
github.com/example/subscriptions-service/internal/repository/postgres/subscription_repository.go:144.2,145.16 2 0
github.com/example/subscriptions-service/internal/repository/postgres/subscription_repository.go:145.16,148.3 2 0
github.com/example/subscriptions-service/internal/repository/postgres/subscription_repository.go:149.2,149.16 1 0
github.com/example/subscriptions-service/internal/service/subscription/usecase.go:14.43,16.2 1 0
github.com/example/subscriptions-service/internal/service/subscription/usecase.go:18.97,20.16 2 0
github.com/example/subscriptions-service/internal/service/subscription/usecase.go:20.16,22.3 1 0
github.com/example/subscriptions-service/internal/service/subscription/usecase.go:23.2,24.16 2 0
github.com/example/subscriptions-service/internal/service/subscription/usecase.go:24.16,26.3 1 0
github.com/example/subscriptions-service/internal/service/subscription/usecase.go:27.2,27.34 1 0
github.com/example/subscriptions-service/internal/service/subscription/usecase.go:30.89,32.2 1 0
github.com/example/subscriptions-service/internal/service/subscription/usecase.go:34.97,36.16 2 0
github.com/example/subscriptions-service/internal/service/subscription/usecase.go:36.16,38.3 1 0
github.com/example/subscriptions-service/internal/service/subscription/usecase.go:39.2,40.37 2 0
github.com/example/subscriptions-service/internal/service/subscription/usecase.go:40.37,42.3 1 0
github.com/example/subscriptions-service/internal/service/subscription/usecase.go:43.2,43.34 1 0
github.com/example/subscriptions-service/internal/service/subscription/usecase.go:46.68,48.2 1 0
github.com/example/subscriptions-service/internal/service/subscription/usecase.go:50.91,51.35 1 0
github.com/example/subscriptions-service/internal/service/subscription/usecase.go:51.35,53.3 1 0
github.com/example/subscriptions-service/internal/service/subscription/usecase.go:54.2,54.18 1 0
github.com/example/subscriptions-service/internal/service/subscription/usecase.go:54.18,56.3 1 0
github.com/example/subscriptions-service/internal/service/subscription/usecase.go:57.2,57.29 1 0
github.com/example/subscriptions-service/internal/service/subscription/usecase.go:60.78,61.37 1 0
github.com/example/subscriptions-service/internal/service/subscription/usecase.go:61.37,63.3 1 0
github.com/example/subscriptions-service/internal/service/subscription/usecase.go:64.2,64.34 1 0
github.com/example/subscriptions-service/internal/service/subscription/usecase.go:67.90,69.16 2 0
github.com/example/subscriptions-service/internal/service/subscription/usecase.go:69.16,71.3 1 0
github.com/example/subscriptions-service/internal/service/subscription/usecase.go:72.2,72.38 1 0
github.com/example/subscriptions-service/internal/service/subscription/usecase.go:72.38,74.3 1 0
github.com/example/subscriptions-service/internal/service/subscription/usecase.go:75.2,76.16 2 0
github.com/example/subscriptions-service/internal/service/subscription/usecase.go:76.16,78.3 1 0
github.com/example/subscriptions-service/internal/service/subscription/usecase.go:79.2,79.25 1 0
github.com/example/subscriptions-service/internal/transport/http/router.go:11.82,15.2 3 0
github.com/example/subscriptions-service/internal/transport/http/handler/subscription_handler.go:23.92,25.2 1 0
github.com/example/subscriptions-service/internal/transport/http/handler/subscription_handler.go:50.60,58.2 7 0
github.com/example/subscriptions-service/internal/transport/http/handler/subscription_handler.go:60.78,62.2 1 0
github.com/example/subscriptions-service/internal/transport/http/handler/subscription_handler.go:64.78,66.44 2 0
github.com/example/subscriptions-service/internal/transport/http/handler/subscription_handler.go:66.44,69.3 2 0
github.com/example/subscriptions-service/internal/transport/http/handler/subscription_handler.go:70.2,71.16 2 0
github.com/example/subscriptions-service/internal/transport/http/handler/subscription_handler.go:71.16,74.3 2 0
github.com/example/subscriptions-service/internal/transport/http/handler/subscription_handler.go:75.2,76.16 2 0
github.com/example/subscriptions-service/internal/transport/http/handler/subscription_handler.go:76.16,79.3 2 0
github.com/example/subscriptions-service/internal/transport/http/handler/subscription_handler.go:80.2,80.49 1 0
github.com/example/subscriptions-service/internal/transport/http/handler/subscription_handler.go:83.75,85.16 2 0
github.com/example/subscriptions-service/internal/transport/http/handler/subscription_handler.go:85.16,88.3 2 0
github.com/example/subscriptions-service/internal/transport/http/handler/subscription_handler.go:89.2,90.16 2 0
github.com/example/subscriptions-service/internal/transport/http/handler/subscription_handler.go:90.16,93.3 2 0
github.com/example/subscriptions-service/internal/transport/http/handler/subscription_handler.go:94.2,94.44 1 0
github.com/example/subscriptions-service/internal/transport/http/handler/subscription_handler.go:97.78,99.16 2 0
github.com/example/subscriptions-service/internal/transport/http/handler/subscription_handler.go:99.16,102.3 2 0
github.com/example/subscriptions-service/internal/transport/http/handler/subscription_handler.go:103.2,104.44 2 0
github.com/example/subscriptions-service/internal/transport/http/handler/subscription_handler.go:104.44,107.3 2 0
github.com/example/subscriptions-service/internal/transport/http/handler/subscription_handler.go:108.2,109.16 2 0
github.com/example/subscriptions-service/internal/transport/http/handler/subscription_handler.go:109.16,112.3 2 0
github.com/example/subscriptions-service/internal/transport/http/handler/subscription_handler.go:113.2,114.16 2 0
github.com/example/subscriptions-service/internal/transport/http/handler/subscription_handler.go:114.16,117.3 2 0
github.com/example/subscriptions-service/internal/transport/http/handler/subscription_handler.go:118.2,118.44 1 0
github.com/example/subscriptions-service/internal/transport/http/handler/subscription_handler.go:121.78,123.16 2 0
github.com/example/subscriptions-service/internal/transport/http/handler/subscription_handler.go:123.16,126.3 2 0
github.com/example/subscriptions-service/internal/transport/http/handler/subscription_handler.go:127.2,127.53 1 0
github.com/example/subscriptions-service/internal/transport/http/handler/subscription_handler.go:127.53,130.3 2 0
github.com/example/subscriptions-service/internal/transport/http/handler/subscription_handler.go:131.2,131.37 1 0
github.com/example/subscriptions-service/internal/transport/http/handler/subscription_handler.go:134.76,136.16 2 0
github.com/example/subscriptions-service/internal/transport/http/handler/subscription_handler.go:136.16,139.3 2 0
github.com/example/subscriptions-service/internal/transport/http/handler/subscription_handler.go:140.2,141.16 2 0
github.com/example/subscriptions-service/internal/transport/http/handler/subscription_handler.go:141.16,144.3 2 0
github.com/example/subscriptions-service/internal/transport/http/handler/subscription_handler.go:145.2,146.23 2 0
github.com/example/subscriptions-service/internal/transport/http/handler/subscription_handler.go:146.23,148.3 1 0
github.com/example/subscriptions-service/internal/transport/http/handler/subscription_handler.go:149.2,149.60 1 0
github.com/example/subscriptions-service/internal/transport/http/handler/subscription_handler.go:152.81,155.16 3 0
github.com/example/subscriptions-service/internal/transport/http/handler/subscription_handler.go:155.16,158.3 2 0
github.com/example/subscriptions-service/internal/transport/http/handler/subscription_handler.go:159.2,160.16 2 0
github.com/example/subscriptions-service/internal/transport/http/handler/subscription_handler.go:160.16,163.3 2 0
github.com/example/subscriptions-service/internal/transport/http/handler/subscription_handler.go:164.2,165.36 2 0
github.com/example/subscriptions-service/internal/transport/http/handler/subscription_handler.go:165.36,167.17 2 0
github.com/example/subscriptions-service/internal/transport/http/handler/subscription_handler.go:167.17,170.4 2 0
github.com/example/subscriptions-service/internal/transport/http/handler/subscription_handler.go:171.3,171.15 1 0
github.com/example/subscriptions-service/internal/transport/http/handler/subscription_handler.go:173.2,174.60 2 0
github.com/example/subscriptions-service/internal/transport/http/handler/subscription_handler.go:174.60,176.3 1 0
github.com/example/subscriptions-service/internal/transport/http/handler/subscription_handler.go:177.2,178.16 2 0
github.com/example/subscriptions-service/internal/transport/http/handler/subscription_handler.go:178.16,181.3 2 0
github.com/example/subscriptions-service/internal/transport/http/handler/subscription_handler.go:182.2,182.66 1 0
github.com/example/subscriptions-service/internal/transport/http/handler/subscription_handler.go:185.63,188.36 3 0
github.com/example/subscriptions-service/internal/transport/http/handler/subscription_handler.go:188.36,190.17 2 0
github.com/example/subscriptions-service/internal/transport/http/handler/subscription_handler.go:190.17,192.4 1 0
github.com/example/subscriptions-service/internal/transport/http/handler/subscription_handler.go:193.3,193.17 1 0
github.com/example/subscriptions-service/internal/transport/http/handler/subscription_handler.go:195.2,195.60 1 0
github.com/example/subscriptions-service/internal/transport/http/handler/subscription_handler.go:195.60,197.3 1 0
github.com/example/subscriptions-service/internal/transport/http/handler/subscription_handler.go:198.2,198.34 1 0
github.com/example/subscriptions-service/internal/transport/http/handler/subscription_handler.go:198.34,200.17 2 0
github.com/example/subscriptions-service/internal/transport/http/handler/subscription_handler.go:200.17,202.4 1 0
github.com/example/subscriptions-service/internal/transport/http/handler/subscription_handler.go:203.3,203.14 1 0
github.com/example/subscriptions-service/internal/transport/http/handler/subscription_handler.go:205.2,205.35 1 0
github.com/example/subscriptions-service/internal/transport/http/handler/subscription_handler.go:205.35,207.17 2 0
github.com/example/subscriptions-service/internal/transport/http/handler/subscription_handler.go:207.17,209.4 1 0
github.com/example/subscriptions-service/internal/transport/http/handler/subscription_handler.go:210.3,210.15 1 0
github.com/example/subscriptions-service/internal/transport/http/handler/subscription_handler.go:212.2,212.15 1 0
github.com/example/subscriptions-service/internal/transport/http/handler/subscription_handler.go:215.74,217.16 2 0
github.com/example/subscriptions-service/internal/transport/http/handler/subscription_handler.go:217.16,219.3 1 0
github.com/example/subscriptions-service/internal/transport/http/handler/subscription_handler.go:220.2,220.139 1 0
github.com/example/subscriptions-service/internal/transport/http/handler/subscription_handler.go:223.88,225.16 2 0
github.com/example/subscriptions-service/internal/transport/http/handler/subscription_handler.go:225.16,227.3 1 0
github.com/example/subscriptions-service/internal/transport/http/handler/subscription_handler.go:228.2,228.151 1 0
github.com/example/subscriptions-service/internal/transport/http/handler/subscription_handler.go:231.62,233.23 2 0
github.com/example/subscriptions-service/internal/transport/http/handler/subscription_handler.go:233.23,236.3 2 0
github.com/example/subscriptions-service/internal/transport/http/handler/subscription_handler.go:237.2,237.287 1 0
github.com/example/subscriptions-service/internal/transport/http/handler/subscription_handler.go:240.49,244.40 4 0
github.com/example/subscriptions-service/internal/transport/http/handler/subscription_handler.go:244.40,246.3 1 0
github.com/example/subscriptions-service/internal/transport/http/handler/subscription_handler.go:247.2,248.46 2 0
github.com/example/subscriptions-service/internal/transport/http/handler/subscription_handler.go:248.46,249.17 1 0
github.com/example/subscriptions-service/internal/transport/http/handler/subscription_handler.go:249.17,251.4 1 0
github.com/example/subscriptions-service/internal/transport/http/handler/subscription_handler.go:252.3,252.70 1 0
github.com/example/subscriptions-service/internal/transport/http/handler/subscription_handler.go:254.2,254.12 1 0
github.com/example/subscriptions-service/internal/transport/http/handler/subscription_handler.go:257.58,261.2 3 0
github.com/example/subscriptions-service/internal/transport/http/handler/subscription_handler.go:263.63,265.2 1 0
github.com/example/subscriptions-service/internal/transport/http/handler/subscription_handler.go:267.77,268.9 1 0
github.com/example/subscriptions-service/internal/transport/http/handler/subscription_handler.go:269.42,270.42 1 0
github.com/example/subscriptions-service/internal/transport/http/handler/subscription_handler.go:271.133,272.44 1 0
github.com/example/subscriptions-service/internal/transport/http/handler/subscription_handler.go:273.10,275.78 2 0
github.com/example/subscriptions-service/internal/transport/http/middleware/logging.go:14.48,14.103 2 0
github.com/example/subscriptions-service/internal/transport/http/middleware/logging.go:16.64,17.46 1 0
github.com/example/subscriptions-service/internal/transport/http/middleware/logging.go:17.46,18.72 1 0
github.com/example/subscriptions-service/internal/transport/http/middleware/logging.go:18.72,23.4 4 0
github.com/example/subscriptions-service/internal/transport/http/middleware/recover.go:9.64,10.46 1 0
github.com/example/subscriptions-service/internal/transport/http/middleware/recover.go:10.46,11.72 1 0
github.com/example/subscriptions-service/internal/transport/http/middleware/recover.go:11.72,12.17 1 0
github.com/example/subscriptions-service/internal/transport/http/middleware/recover.go:12.17,13.37 1 0
github.com/example/subscriptions-service/internal/transport/http/middleware/recover.go:13.37,18.6 4 0
github.com/example/subscriptions-service/internal/transport/http/middleware/recover.go:20.4,20.24 1 0
github.com/example/subscriptions-service/cmd/app/main.go:29.71,31.3 1 0
github.com/example/subscriptions-service/cmd/app/main.go:34.13,40.16 5 0
github.com/example/subscriptions-service/cmd/app/main.go:40.16,43.3 2 0
github.com/example/subscriptions-service/cmd/app/main.go:45.2,45.38 1 0
github.com/example/subscriptions-service/cmd/app/main.go:45.38,48.3 2 0
github.com/example/subscriptions-service/cmd/app/main.go:51.54,56.16 4 0
github.com/example/subscriptions-service/cmd/app/main.go:56.16,58.3 1 0
github.com/example/subscriptions-service/cmd/app/main.go:59.2,67.12 7 0
github.com/example/subscriptions-service/cmd/app/main.go:67.12,69.87 2 0
github.com/example/subscriptions-service/cmd/app/main.go:69.87,72.4 2 0
github.com/example/subscriptions-service/cmd/app/main.go:75.2,78.50 4 0
github.com/example/subscriptions-service/cmd/app/main.go:78.50,80.3 1 0
github.com/example/subscriptions-service/cmd/app/main.go:81.2,82.12 2 0
github.com/example/subscriptions-service/internal/config/config.go:30.41,33.16 3 0
github.com/example/subscriptions-service/internal/config/config.go:33.16,35.17 2 0
github.com/example/subscriptions-service/internal/config/config.go:35.17,37.4 1 0
github.com/example/subscriptions-service/internal/config/config.go:38.3,38.49 1 0
github.com/example/subscriptions-service/internal/config/config.go:38.49,40.4 1 0
github.com/example/subscriptions-service/internal/config/config.go:42.2,43.28 2 0
github.com/example/subscriptions-service/internal/config/config.go:43.28,45.3 1 0
github.com/example/subscriptions-service/internal/config/config.go:46.2,46.18 1 0
github.com/example/subscriptions-service/internal/config/config.go:49.29,54.2 1 0
github.com/example/subscriptions-service/internal/config/config.go:56.28,57.42 1 0
github.com/example/subscriptions-service/internal/config/config.go:57.42,59.3 1 0
github.com/example/subscriptions-service/internal/config/config.go:60.2,60.45 1 0
github.com/example/subscriptions-service/internal/config/config.go:60.45,62.3 1 0
github.com/example/subscriptions-service/internal/config/config.go:63.2,63.51 1 0
github.com/example/subscriptions-service/internal/config/config.go:63.51,64.44 1 0
github.com/example/subscriptions-service/internal/config/config.go:64.44,66.4 1 0
github.com/example/subscriptions-service/internal/config/config.go:68.2,68.51 1 0
github.com/example/subscriptions-service/internal/config/config.go:68.51,69.44 1 0
github.com/example/subscriptions-service/internal/config/config.go:69.44,71.4 1 0
github.com/example/subscriptions-service/internal/config/config.go:73.2,73.59 1 0
github.com/example/subscriptions-service/internal/config/config.go:73.59,74.50 1 0
github.com/example/subscriptions-service/internal/config/config.go:74.50,76.4 1 0
github.com/example/subscriptions-service/internal/domain/subscription/month.go:14.58,15.63 1 0
github.com/example/subscriptions-service/internal/domain/subscription/month.go:15.63,17.3 1 0
github.com/example/subscriptions-service/internal/domain/subscription/month.go:18.2,18.74 1 0
github.com/example/subscriptions-service/internal/domain/subscription/month.go:21.46,23.16 2 0
github.com/example/subscriptions-service/internal/domain/subscription/month.go:23.16,25.3 1 0
github.com/example/subscriptions-service/internal/domain/subscription/month.go:26.2,26.82 1 0
github.com/example/subscriptions-service/internal/domain/subscription/month.go:29.32,31.2 1 0
github.com/example/subscriptions-service/internal/domain/subscription/month.go:33.41,33.77 1 0
github.com/example/subscriptions-service/internal/domain/subscription/month.go:34.41,34.76 1 0
github.com/example/subscriptions-service/internal/domain/subscription/subscription.go:21.107,30.37 2 0
github.com/example/subscriptions-service/internal/domain/subscription/subscription.go:30.37,32.3 1 0
github.com/example/subscriptions-service/internal/domain/subscription/subscription.go:33.2,33.15 1 0
github.com/example/subscriptions-service/internal/domain/subscription/subscription.go:36.41,37.44 1 0
github.com/example/subscriptions-service/internal/domain/subscription/subscription.go:37.44,39.3 1 0
github.com/example/subscriptions-service/internal/domain/subscription/subscription.go:40.2,40.18 1 0
github.com/example/subscriptions-service/internal/domain/subscription/subscription.go:40.18,42.3 1 0
github.com/example/subscriptions-service/internal/domain/subscription/subscription.go:43.2,43.26 1 0
github.com/example/subscriptions-service/internal/domain/subscription/subscription.go:43.26,45.3 1 0
github.com/example/subscriptions-service/internal/domain/subscription/subscription.go:46.2,46.58 1 0
github.com/example/subscriptions-service/internal/domain/subscription/subscription.go:46.58,48.3 1 0
github.com/example/subscriptions-service/internal/domain/subscription/subscription.go:49.2,49.12 1 0
github.com/example/subscriptions-service/internal/infrastructure/logger/logger.go:8.25,10.2 1 0
github.com/example/subscriptions-service/internal/repository/postgres/pool.go:11.85,13.16 2 0
github.com/example/subscriptions-service/internal/repository/postgres/pool.go:13.16,15.3 1 0
github.com/example/subscriptions-service/internal/repository/postgres/pool.go:16.2,20.16 5 0
github.com/example/subscriptions-service/internal/repository/postgres/pool.go:20.16,22.3 1 0
github.com/example/subscriptions-service/internal/repository/postgres/pool.go:23.2,23.39 1 0
github.com/example/subscriptions-service/internal/repository/postgres/pool.go:23.39,26.3 2 0
github.com/example/subscriptions-service/internal/repository/postgres/pool.go:27.2,27.18 1 0
github.com/example/subscriptions-service/internal/repository/postgres/subscription_repository.go:27.70,29.2 1 0
github.com/example/subscriptions-service/internal/repository/postgres/subscription_repository.go:31.92,34.23 3 0
github.com/example/subscriptions-service/internal/repository/postgres/subscription_repository.go:34.23,36.3 1 0
github.com/example/subscriptions-service/internal/repository/postgres/subscription_repository.go:37.2,37.133 1 0
github.com/example/subscriptions-service/internal/repository/postgres/subscription_repository.go:40.107,43.35 3 0
github.com/example/subscriptions-service/internal/repository/postgres/subscription_repository.go:43.35,45.3 1 0
github.com/example/subscriptions-service/internal/repository/postgres/subscription_repository.go:46.2,46.15 1 0
github.com/example/subscriptions-service/internal/repository/postgres/subscription_repository.go:49.92,52.23 3 0
github.com/example/subscriptions-service/internal/repository/postgres/subscription_repository.go:52.23,54.3 1 0
github.com/example/subscriptions-service/internal/repository/postgres/subscription_repository.go:55.2,56.35 2 0
github.com/example/subscriptions-service/internal/repository/postgres/subscription_repository.go:56.35,58.3 1 0
github.com/example/subscriptions-service/internal/repository/postgres/subscription_repository.go:59.2,59.12 1 0
github.com/example/subscriptions-service/internal/repository/postgres/subscription_repository.go:62.82,64.16 2 0
[...]
github.com/example/subscriptions-service/internal/service/subscription/usecase.go:24.16,26.3 1 0
github.com/example/subscriptions-service/internal/service/subscription/usecase.go:27.2,27.34 1 1
github.com/example/subscriptions-service/internal/service/subscription/usecase.go:30.89,32.2 1 1
github.com/example/subscriptions-service/internal/service/subscription/usecase.go:34.97,36.16 2 1
github.com/example/subscriptions-service/internal/service/subscription/usecase.go:36.16,38.3 1 0
github.com/example/subscriptions-service/internal/service/subscription/usecase.go:39.2,40.37 2 1
github.com/example/subscriptions-service/internal/service/subscription/usecase.go:40.37,42.3 1 1
github.com/example/subscriptions-service/internal/service/subscription/usecase.go:43.2,43.34 1 0
github.com/example/subscriptions-service/internal/service/subscription/usecase.go:46.68,48.2 1 1
github.com/example/subscriptions-service/internal/service/subscription/usecase.go:50.91,51.35 1 1
github.com/example/subscriptions-service/internal/service/subscription/usecase.go:51.35,53.3 1 1
github.com/example/subscriptions-service/internal/service/subscription/usecase.go:54.2,54.18 1 1
github.com/example/subscriptions-service/internal/service/subscription/usecase.go:54.18,56.3 1 1
github.com/example/subscriptions-service/internal/service/subscription/usecase.go:57.2,57.29 1 1
github.com/example/subscriptions-service/internal/service/subscription/usecase.go:60.78,61.37 1 1
github.com/example/subscriptions-service/internal/service/subscription/usecase.go:61.37,63.3 1 1
github.com/example/subscriptions-service/internal/service/subscription/usecase.go:64.2,64.34 1 0
github.com/example/subscriptions-service/internal/service/subscription/usecase.go:67.90,69.16 2 1
github.com/example/subscriptions-service/internal/service/subscription/usecase.go:69.16,71.3 1 1
github.com/example/subscriptions-service/internal/service/subscription/usecase.go:72.2,72.38 1 1
github.com/example/subscriptions-service/internal/service/subscription/usecase.go:72.38,74.3 1 1
github.com/example/subscriptions-service/internal/service/subscription/usecase.go:75.2,76.16 2 1
github.com/example/subscriptions-service/internal/service/subscription/usecase.go:76.16,78.3 1 0
github.com/example/subscriptions-service/internal/service/subscription/usecase.go:79.2,79.25 1 1
github.com/example/subscriptions-service/internal/transport/http/router.go:11.82,15.2 3 0
github.com/example/subscriptions-service/internal/transport/http/handler/subscription_handler.go:23.85,25.2 1 0
github.com/example/subscriptions-service/internal/transport/http/handler/subscription_handler.go:50.60,58.2 7 0
github.com/example/subscriptions-service/internal/transport/http/handler/subscription_handler.go:60.78,62.2 1 0
github.com/example/subscriptions-service/internal/transport/http/handler/subscription_handler.go:64.78,66.44 2 0
github.com/example/subscriptions-service/internal/transport/http/handler/subscription_handler.go:66.44,69.3 2 0
github.com/example/subscriptions-service/internal/transport/http/handler/subscription_handler.go:70.2,71.16 2 0
github.com/example/subscriptions-service/internal/transport/http/handler/subscription_handler.go:71.16,74.3 2 0
github.com/example/subscriptions-service/internal/transport/http/handler/subscription_handler.go:75.2,76.16 2 0
github.com/example/subscriptions-service/internal/transport/http/handler/subscription_handler.go:76.16,79.3 2 0
github.com/example/subscriptions-service/internal/transport/http/handler/subscription_handler.go:80.2,80.49 1 0
github.com/example/subscriptions-service/internal/transport/http/handler/subscription_handler.go:83.75,85.16 2 0
github.com/example/subscriptions-service/internal/transport/http/handler/subscription_handler.go:85.16,88.3 2 0
github.com/example/subscriptions-service/internal/transport/http/handler/subscription_handler.go:89.2,90.16 2 0
github.com/example/subscriptions-service/internal/transport/http/handler/subscription_handler.go:90.16,93.3 2 0
github.com/example/subscriptions-service/internal/transport/http/handler/subscription_handler.go:94.2,94.44 1 0
github.com/example/subscriptions-service/internal/transport/http/handler/subscription_handler.go:97.78,99.16 2 0
github.com/example/subscriptions-service/internal/transport/http/handler/subscription_handler.go:99.16,102.3 2 0
github.com/example/subscriptions-service/internal/transport/http/handler/subscription_handler.go:103.2,104.44 2 0
github.com/example/subscriptions-service/internal/transport/http/handler/subscription_handler.go:104.44,107.3 2 0
github.com/example/subscriptions-service/internal/transport/http/handler/subscription_handler.go:108.2,109.16 2 0
github.com/example/subscriptions-service/internal/transport/http/handler/subscription_handler.go:109.16,112.3 2 0
github.com/example/subscriptions-service/internal/transport/http/handler/subscription_handler.go:113.2,114.16 2 0
github.com/example/subscriptions-service/internal/transport/http/handler/subscription_handler.go:114.16,117.3 2 0
github.com/example/subscriptions-service/internal/transport/http/handler/subscription_handler.go:118.2,118.44 1 0
github.com/example/subscriptions-service/internal/transport/http/handler/subscription_handler.go:121.78,123.16 2 0
github.com/example/subscriptions-service/internal/transport/http/handler/subscription_handler.go:123.16,126.3 2 0
github.com/example/subscriptions-service/internal/transport/http/handler/subscription_handler.go:127.2,127.53 1 0
github.com/example/subscriptions-service/internal/transport/http/handler/subscription_handler.go:127.53,130.3 2 0
github.com/example/subscriptions-service/internal/transport/http/handler/subscription_handler.go:131.2,131.37 1 0
github.com/example/subscriptions-service/internal/transport/http/handler/subscription_handler.go:134.76,136.16 2 0
github.com/example/subscriptions-service/internal/transport/http/handler/subscription_handler.go:136.16,139.3 2 0
github.com/example/subscriptions-service/internal/transport/http/handler/subscription_handler.go:140.2,141.16 2 0
github.com/example/subscriptions-service/internal/transport/http/handler/subscription_handler.go:141.16,144.3 2 0
github.com/example/subscriptions-service/internal/transport/http/handler/subscription_handler.go:145.2,146.23 2 0
github.com/example/subscriptions-service/internal/transport/http/handler/subscription_handler.go:146.23,148.3 1 0
github.com/example/subscriptions-service/internal/transport/http/handler/subscription_handler.go:149.2,149.60 1 0
github.com/example/subscriptions-service/internal/transport/http/handler/subscription_handler.go:152.81,155.16 3 0
github.com/example/subscriptions-service/internal/transport/http/handler/subscription_handler.go:155.16,158.3 2 0
github.com/example/subscriptions-service/internal/transport/http/handler/subscription_handler.go:159.2,160.16 2 0
github.com/example/subscriptions-service/internal/transport/http/handler/subscription_handler.go:160.16,163.3 2 0
github.com/example/subscriptions-service/internal/transport/http/handler/subscription_handler.go:164.2,165.36 2 0
github.com/example/subscriptions-service/internal/transport/http/handler/subscription_handler.go:165.36,167.17 2 0
github.com/example/subscriptions-service/internal/transport/http/handler/subscription_handler.go:167.17,170.4 2 0
github.com/example/subscriptions-service/internal/transport/http/handler/subscription_handler.go:171.3,171.15 1 0
github.com/example/subscriptions-service/internal/transport/http/handler/subscription_handler.go:173.2,174.60 2 0
github.com/example/subscriptions-service/internal/transport/http/handler/subscription_handler.go:174.60,176.3 1 0
github.com/example/subscriptions-service/internal/transport/http/handler/subscription_handler.go:177.2,178.16 2 0
github.com/example/subscriptions-service/internal/transport/http/handler/subscription_handler.go:178.16,181.3 2 0
github.com/example/subscriptions-service/internal/transport/http/handler/subscription_handler.go:182.2,182.66 1 0
github.com/example/subscriptions-service/internal/transport/http/handler/subscription_handler.go:185.63,188.36 3 0
github.com/example/subscriptions-service/internal/transport/http/handler/subscription_handler.go:188.36,190.17 2 0
github.com/example/subscriptions-service/internal/transport/http/handler/subscription_handler.go:190.17,192.4 1 0
github.com/example/subscriptions-service/internal/transport/http/handler/subscription_handler.go:193.3,193.17 1 0
github.com/example/subscriptions-service/internal/transport/http/handler/subscription_handler.go:195.2,195.60 1 0
github.com/example/subscriptions-service/internal/transport/http/handler/subscription_handler.go:195.60,197.3 1 0
github.com/example/subscriptions-service/internal/transport/http/handler/subscription_handler.go:198.2,198.34 1 0
github.com/example/subscriptions-service/internal/transport/http/handler/subscription_handler.go:198.34,200.17 2 0
github.com/example/subscriptions-service/internal/transport/http/handler/subscription_handler.go:200.17,202.4 1 0
github.com/example/subscriptions-service/internal/transport/http/handler/subscription_handler.go:203.3,203.14 1 0
github.com/example/subscriptions-service/internal/transport/http/handler/subscription_handler.go:205.2,205.35 1 0
github.com/example/subscriptions-service/internal/transport/http/handler/subscription_handler.go:205.35,207.17 2 0
github.com/example/subscriptions-service/internal/transport/http/handler/subscription_handler.go:207.17,209.4 1 0
github.com/example/subscriptions-service/internal/transport/http/handler/subscription_handler.go:210.3,210.15 1 0
github.com/example/subscriptions-service/internal/transport/http/handler/subscription_handler.go:212.2,212.15 1 0
github.com/example/subscriptions-service/internal/transport/http/handler/subscription_handler.go:215.74,217.16 2 0
github.com/example/subscriptions-service/internal/transport/http/handler/subscription_handler.go:217.16,219.3 1 0
github.com/example/subscriptions-service/internal/transport/http/handler/subscription_handler.go:220.2,220.139 1 0
github.com/example/subscriptions-service/internal/transport/http/handler/subscription_handler.go:223.88,225.16 2 0
github.com/example/subscriptions-service/internal/transport/http/handler/subscription_handler.go:225.16,227.3 1 0
github.com/example/subscriptions-service/internal/transport/http/handler/subscription_handler.go:228.2,228.151 1 0
github.com/example/subscriptions-service/internal/transport/http/handler/subscription_handler.go:231.62,233.23 2 0
github.com/example/subscriptions-service/internal/transport/http/handler/subscription_handler.go:233.23,236.3 2 0
github.com/example/subscriptions-service/internal/transport/http/handler/subscription_handler.go:237.2,237.287 1 0
github.com/example/subscriptions-service/internal/transport/http/handler/subscription_handler.go:240.49,244.40 4 0
github.com/example/subscriptions-service/internal/transport/http/handler/subscription_handler.go:244.40,246.3 1 0
github.com/example/subscriptions-service/internal/transport/http/handler/subscription_handler.go:247.2,248.46 2 0
github.com/example/subscriptions-service/internal/transport/http/handler/subscription_handler.go:248.46,249.17 1 0
github.com/example/subscriptions-service/internal/transport/http/handler/subscription_handler.go:249.17,251.4 1 0
github.com/example/subscriptions-service/internal/transport/http/handler/subscription_handler.go:252.3,252.70 1 0
github.com/example/subscriptions-service/internal/transport/http/handler/subscription_handler.go:254.2,254.12 1 0
github.com/example/subscriptions-service/internal/transport/http/handler/subscription_handler.go:257.58,261.2 3 0
github.com/example/subscriptions-service/internal/transport/http/handler/subscription_handler.go:263.63,265.2 1 0
github.com/example/subscriptions-service/internal/transport/http/handler/subscription_handler.go:267.77,268.9 1 0
github.com/example/subscriptions-service/internal/transport/http/handler/subscription_handler.go:269.42,270.42 1 0
github.com/example/subscriptions-service/internal/transport/http/handler/subscription_handler.go:271.133,272.44 1 0
github.com/example/subscriptions-service/internal/transport/http/handler/subscription_handler.go:273.10,275.78 2 0
github.com/example/subscriptions-service/internal/transport/http/middleware/logging.go:14.48,14.103 2 0
github.com/example/subscriptions-service/internal/transport/http/middleware/logging.go:16.64,17.46 1 0
github.com/example/subscriptions-service/internal/transport/http/middleware/logging.go:17.46,18.72 1 0
github.com/example/subscriptions-service/internal/transport/http/middleware/logging.go:18.72,23.4 4 0
github.com/example/subscriptions-service/internal/transport/http/middleware/recover.go:9.64,10.46 1 0
github.com/example/subscriptions-service/internal/transport/http/middleware/recover.go:10.46,11.72 1 0
github.com/example/subscriptions-service/internal/transport/http/middleware/recover.go:11.72,12.17 1 0
github.com/example/subscriptions-service/internal/transport/http/middleware/recover.go:12.17,13.37 1 0
github.com/example/subscriptions-service/internal/transport/http/middleware/recover.go:13.37,18.6 4 0
github.com/example/subscriptions-service/internal/transport/http/middleware/recover.go:20.4,20.24 1 0
github.com/example/subscriptions-service/internal/service/subscription/usecase.go:14.43,16.2 1 0
github.com/example/subscriptions-service/internal/service/subscription/usecase.go:18.97,20.16 2 0
github.com/example/subscriptions-service/internal/service/subscription/usecase.go:20.16,22.3 1 0
github.com/example/subscriptions-service/internal/service/subscription/usecase.go:23.2,24.16 2 0
github.com/example/subscriptions-service/internal/service/subscription/usecase.go:24.16,26.3 1 0
github.com/example/subscriptions-service/internal/service/subscription/usecase.go:27.2,27.34 1 0
github.com/example/subscriptions-service/internal/service/subscription/usecase.go:30.89,32.2 1 0
github.com/example/subscriptions-service/internal/service/subscription/usecase.go:34.97,36.16 2 0
github.com/example/subscriptions-service/internal/service/subscription/usecase.go:36.16,38.3 1 0
github.com/example/subscriptions-service/internal/service/subscription/usecase.go:39.2,40.37 2 0
github.com/example/subscriptions-service/internal/service/subscription/usecase.go:40.37,42.3 1 0
github.com/example/subscriptions-service/internal/service/subscription/usecase.go:43.2,43.34 1 0
github.com/example/subscriptions-service/internal/service/subscription/usecase.go:46.68,48.2 1 0
github.com/example/subscriptions-service/internal/service/subscription/usecase.go:50.91,51.35 1 0
github.com/example/subscriptions-service/internal/service/subscription/usecase.go:51.35,53.3 1 0
github.com/example/subscriptions-service/internal/service/subscription/usecase.go:54.2,54.18 1 0
github.com/example/subscriptions-service/internal/service/subscription/usecase.go:54.18,56.3 1 0
github.com/example/subscriptions-service/internal/service/subscription/usecase.go:57.2,57.29 1 0
github.com/example/subscriptions-service/internal/service/subscription/usecase.go:60.78,61.37 1 0
github.com/example/subscriptions-service/internal/service/subscription/usecase.go:61.37,63.3 1 0
github.com/example/subscriptions-service/internal/service/subscription/usecase.go:64.2,64.34 1 0
github.com/example/subscriptions-service/internal/service/subscription/usecase.go:67.90,69.16 2 0
github.com/example/subscriptions-service/internal/service/subscription/usecase.go:69.16,71.3 1 0
github.com/example/subscriptions-service/internal/service/subscription/usecase.go:72.2,72.38 1 0
github.com/example/subscriptions-service/internal/service/subscription/usecase.go:72.38,74.3 1 0
github.com/example/subscriptions-service/internal/service/subscription/usecase.go:75.2,76.16 2 0
github.com/example/subscriptions-service/internal/service/subscription/usecase.go:76.16,78.3 1 0
github.com/example/subscriptions-service/internal/service/subscription/usecase.go:79.2,79.25 1 0
github.com/example/subscriptions-service/internal/infrastructure/logger/logger.go:8.25,10.2 1 0
github.com/example/subscriptions-service/internal/config/config.go:30.41,33.16 3 0
github.com/example/subscriptions-service/internal/config/config.go:33.16,35.17 2 0
github.com/example/subscriptions-service/internal/config/config.go:35.17,37.4 1 0
github.com/example/subscriptions-service/internal/config/config.go:38.3,38.49 1 0
github.com/example/subscriptions-service/internal/config/config.go:38.49,40.4 1 0
github.com/example/subscriptions-service/internal/config/config.go:42.2,43.28 2 0
github.com/example/subscriptions-service/internal/config/config.go:43.28,45.3 1 0
github.com/example/subscriptions-service/internal/config/config.go:46.2,46.18 1 0
github.com/example/subscriptions-service/internal/config/config.go:49.29,54.2 1 0
github.com/example/subscriptions-service/internal/config/config.go:56.28,57.42 1 0
github.com/example/subscriptions-service/internal/config/config.go:57.42,59.3 1 0
github.com/example/subscriptions-service/internal/config/config.go:60.2,60.45 1 0
github.com/example/subscriptions-service/internal/config/config.go:60.45,62.3 1 0
github.com/example/subscriptions-service/internal/config/config.go:63.2,63.51 1 0
github.com/example/subscriptions-service/internal/config/config.go:63.51,64.44 1 0
github.com/example/subscriptions-service/internal/config/config.go:64.44,66.4 1 0
github.com/example/subscriptions-service/internal/config/config.go:68.2,68.51 1 0
github.com/example/subscriptions-service/internal/config/config.go:68.51,69.44 1 0
github.com/example/subscriptions-service/internal/config/config.go:69.44,71.4 1 0
github.com/example/subscriptions-service/internal/config/config.go:73.2,73.59 1 0
github.com/example/subscriptions-service/internal/config/config.go:73.59,74.50 1 0
github.com/example/subscriptions-service/internal/config/config.go:74.50,76.4 1 0
github.com/example/subscriptions-service/internal/domain/subscription/month.go:14.58,15.63 1 0
github.com/example/subscriptions-service/internal/domain/subscription/month.go:15.63,17.3 1 0
github.com/example/subscriptions-service/internal/domain/subscription/month.go:18.2,18.74 1 0
github.com/example/subscriptions-service/internal/domain/subscription/month.go:21.46,23.16 2 0
github.com/example/subscriptions-service/internal/domain/subscription/month.go:23.16,25.3 1 0
github.com/example/subscriptions-service/internal/domain/subscription/month.go:26.2,26.82 1 0
github.com/example/subscriptions-service/internal/domain/subscription/month.go:29.32,31.2 1 0
github.com/example/subscriptions-service/internal/domain/subscription/month.go:33.41,33.77 1 0
github.com/example/subscriptions-service/internal/domain/subscription/month.go:34.41,34.76 1 0
github.com/example/subscriptions-service/internal/domain/subscription/subscription.go:21.107,30.37 2 0
github.com/example/subscriptions-service/internal/domain/subscription/subscription.go:30.37,32.3 1 0
github.com/example/subscriptions-service/internal/domain/subscription/subscription.go:33.2,33.15 1 0
github.com/example/subscriptions-service/internal/domain/subscription/subscription.go:36.41,37.44 1 0
github.com/example/subscriptions-service/internal/domain/subscription/subscription.go:37.44,39.3 1 0
github.com/example/subscriptions-service/internal/domain/subscription/subscription.go:40.2,40.18 1 0
github.com/example/subscriptions-service/internal/domain/subscription/subscription.go:40.18,42.3 1 0
github.com/example/subscriptions-service/internal/domain/subscription/subscription.go:43.2,43.26 1 0
github.com/example/subscriptions-service/internal/domain/subscription/subscription.go:43.26,45.3 1 0
github.com/example/subscriptions-service/internal/domain/subscription/subscription.go:46.2,46.58 1 0
github.com/example/subscriptions-service/internal/domain/subscription/subscription.go:46.58,48.3 1 0
github.com/example/subscriptions-service/internal/domain/subscription/subscription.go:49.2,49.12 1 0
