mode: set
github.com/example/subscriptions-service/internal/infrastructure/logger/logger.go:8.25,10.2 1 0
github.com/example/subscriptions-service/internal/config/config.go:30.41,34.16 3 0
github.com/example/subscriptions-service/internal/config/config.go:34.16,37.17 2 0
github.com/example/subscriptions-service/internal/config/config.go:37.17,39.4 1 0
github.com/example/subscriptions-service/internal/config/config.go:41.3,41.49 1 0
github.com/example/subscriptions-service/internal/config/config.go:41.49,43.4 1 0
github.com/example/subscriptions-service/internal/config/config.go:45.2,46.28 2 0
github.com/example/subscriptions-service/internal/config/config.go:46.28,48.3 1 0
github.com/example/subscriptions-service/internal/config/config.go:50.2,50.18 1 0
github.com/example/subscriptions-service/internal/config/config.go:53.29,58.2 1 0
github.com/example/subscriptions-service/internal/config/config.go:60.28,61.42 1 0
github.com/example/subscriptions-service/internal/config/config.go:61.42,63.3 1 0
github.com/example/subscriptions-service/internal/config/config.go:65.2,65.45 1 0
github.com/example/subscriptions-service/internal/config/config.go:65.45,67.3 1 0
github.com/example/subscriptions-service/internal/config/config.go:69.2,69.51 1 0
github.com/example/subscriptions-service/internal/config/config.go:69.51,70.44 1 0
github.com/example/subscriptions-service/internal/config/config.go:70.44,72.4 1 0
github.com/example/subscriptions-service/internal/config/config.go:75.2,75.51 1 0
github.com/example/subscriptions-service/internal/config/config.go:75.51,76.44 1 0
github.com/example/subscriptions-service/internal/config/config.go:76.44,78.4 1 0
github.com/example/subscriptions-service/internal/config/config.go:81.2,81.59 1 0
github.com/example/subscriptions-service/internal/config/config.go:81.59,82.50 1 0
github.com/example/subscriptions-service/internal/config/config.go:82.50,84.4 1 0
github.com/example/subscriptions-service/internal/service/subscription/create.go:9.97,11.16 2 0
github.com/example/subscriptions-service/internal/service/subscription/create.go:11.16,13.3 1 0
github.com/example/subscriptions-service/internal/service/subscription/create.go:15.2,16.16 2 0
github.com/example/subscriptions-service/internal/service/subscription/create.go:16.16,18.3 1 0
github.com/example/subscriptions-service/internal/service/subscription/create.go:20.2,20.34 1 0
github.com/example/subscriptions-service/internal/service/subscription/delete.go:9.68,11.2 1 0
github.com/example/subscriptions-service/internal/service/subscription/get.go:10.89,12.2 1 0
github.com/example/subscriptions-service/internal/service/subscription/list.go:9.91,10.35 1 0
github.com/example/subscriptions-service/internal/service/subscription/list.go:10.35,12.3 1 0
github.com/example/subscriptions-service/internal/service/subscription/list.go:13.2,13.18 1 0
github.com/example/subscriptions-service/internal/service/subscription/list.go:13.18,15.3 1 0
github.com/example/subscriptions-service/internal/service/subscription/list.go:16.2,16.29 1 0
github.com/example/subscriptions-service/internal/service/subscription/service.go:9.43,11.2 1 0
github.com/example/subscriptions-service/internal/service/subscription/service.go:13.90,15.16 2 0
github.com/example/subscriptions-service/internal/service/subscription/service.go:15.16,17.3 1 0
github.com/example/subscriptions-service/internal/service/subscription/service.go:19.2,19.38 1 0
github.com/example/subscriptions-service/internal/service/subscription/service.go:19.38,21.3 1 0
github.com/example/subscriptions-service/internal/service/subscription/service.go:23.2,24.16 2 0
github.com/example/subscriptions-service/internal/service/subscription/service.go:24.16,26.3 1 0
github.com/example/subscriptions-service/internal/service/subscription/service.go:28.2,28.25 1 0
github.com/example/subscriptions-service/internal/service/subscription/total_cost.go:9.78,10.37 1 0
github.com/example/subscriptions-service/internal/service/subscription/total_cost.go:10.37,12.3 1 0
github.com/example/subscriptions-service/internal/service/subscription/total_cost.go:14.2,14.34 1 0
github.com/example/subscriptions-service/internal/service/subscription/update.go:9.97,11.16 2 0
github.com/example/subscriptions-service/internal/service/subscription/update.go:11.16,13.3 1 0
github.com/example/subscriptions-service/internal/service/subscription/update.go:15.2,17.37 2 0
github.com/example/subscriptions-service/internal/service/subscription/update.go:17.37,19.3 1 0
github.com/example/subscriptions-service/internal/service/subscription/update.go:21.2,21.34 1 0
github.com/example/subscriptions-service/internal/domain/subscription/month.go:14.58,15.63 1 0
github.com/example/subscriptions-service/internal/domain/subscription/month.go:15.63,17.3 1 0
github.com/example/subscriptions-service/internal/domain/subscription/month.go:18.2,18.74 1 0
github.com/example/subscriptions-service/internal/domain/subscription/month.go:21.46,23.16 2 0
github.com/example/subscriptions-service/internal/domain/subscription/month.go:23.16,25.3 1 0
github.com/example/subscriptions-service/internal/domain/subscription/month.go:26.2,26.82 1 0
github.com/example/subscriptions-service/internal/domain/subscription/month.go:29.32,31.2 1 0
github.com/example/subscriptions-service/internal/domain/subscription/month.go:33.41,33.77 1 0
github.com/example/subscriptions-service/internal/domain/subscription/month.go:34.41,34.76 1 0
github.com/example/subscriptions-service/internal/domain/subscription/subscription.go:21.107,30.37 2 0
github.com/example/subscriptions-service/internal/domain/subscription/subscription.go:30.37,32.3 1 0
github.com/example/subscriptions-service/internal/domain/subscription/subscription.go:33.2,33.15 1 0
github.com/example/subscriptions-service/internal/domain/subscription/subscription.go:36.41,37.44 1 0
github.com/example/subscriptions-service/internal/domain/subscription/subscription.go:37.44,39.3 1 0
github.com/example/subscriptions-service/internal/domain/subscription/subscription.go:40.2,40.18 1 0
github.com/example/subscriptions-service/internal/domain/subscription/subscription.go:40.18,42.3 1 0
github.com/example/subscriptions-service/internal/domain/subscription/subscription.go:43.2,43.26 1 0
github.com/example/subscriptions-service/internal/domain/subscription/subscription.go:43.26,45.3 1 0
github.com/example/subscriptions-service/internal/domain/subscription/subscription.go:46.2,46.58 1 0
github.com/example/subscriptions-service/internal/domain/subscription/subscription.go:46.58,48.3 1 0
github.com/example/subscriptions-service/internal/domain/subscription/subscription.go:49.2,49.12 1 0
github.com/example/subscriptions-service/cmd/app/main.go:23.91,25.3 1 0
github.com/example/subscriptions-service/cmd/app/main.go:32.71,34.3 1 0
github.com/example/subscriptions-service/cmd/app/main.go:41.95,43.16 2 0
github.com/example/subscriptions-service/cmd/app/main.go:43.16,45.3 1 0
github.com/example/subscriptions-service/cmd/app/main.go:46.2,46.37 1 0
github.com/example/subscriptions-service/cmd/app/main.go:49.13,50.34 1 0
github.com/example/subscriptions-service/cmd/app/main.go:50.34,52.3 1 0
github.com/example/subscriptions-service/cmd/app/main.go:55.22,61.16 5 0
github.com/example/subscriptions-service/cmd/app/main.go:61.16,63.3 1 0
github.com/example/subscriptions-service/cmd/app/main.go:65.2,65.22 1 0
github.com/example/subscriptions-service/cmd/app/main.go:68.54,73.16 4 0
github.com/example/subscriptions-service/cmd/app/main.go:73.16,75.3 1 0
github.com/example/subscriptions-service/cmd/app/main.go:76.2,76.15 1 0
github.com/example/subscriptions-service/cmd/app/main.go:76.15,77.42 1 0
github.com/example/subscriptions-service/cmd/app/main.go:77.42,79.4 1 0
github.com/example/subscriptions-service/cmd/app/main.go:82.2,88.12 6 0
github.com/example/subscriptions-service/cmd/app/main.go:88.12,90.87 2 0
github.com/example/subscriptions-service/cmd/app/main.go:90.87,93.4 2 0
github.com/example/subscriptions-service/cmd/app/main.go:96.2,99.50 4 0
github.com/example/subscriptions-service/cmd/app/main.go:99.50,101.3 1 0
github.com/example/subscriptions-service/cmd/app/main.go:102.2,103.12 2 0
github.com/example/subscriptions-service/internal/config/config.go:30.41,34.16 3 0
github.com/example/subscriptions-service/internal/config/config.go:34.16,37.17 2 0
github.com/example/subscriptions-service/internal/config/config.go:37.17,39.4 1 0
github.com/example/subscriptions-service/internal/config/config.go:41.3,41.49 1 0
github.com/example/subscriptions-service/internal/config/config.go:41.49,43.4 1 0
github.com/example/subscriptions-service/internal/config/config.go:45.2,46.28 2 0
github.com/example/subscriptions-service/internal/config/config.go:46.28,48.3 1 0
github.com/example/subscriptions-service/internal/config/config.go:50.2,50.18 1 0
github.com/example/subscriptions-service/internal/config/config.go:53.29,58.2 1 0
github.com/example/subscriptions-service/internal/config/config.go:60.28,61.42 1 0
github.com/example/subscriptions-service/internal/config/config.go:61.42,63.3 1 0
github.com/example/subscriptions-service/internal/config/config.go:65.2,65.45 1 0
github.com/example/subscriptions-service/internal/config/config.go:65.45,67.3 1 0
github.com/example/subscriptions-service/internal/config/config.go:69.2,69.51 1 0
github.com/example/subscriptions-service/internal/config/config.go:69.51,70.44 1 0
github.com/example/subscriptions-service/internal/config/config.go:70.44,72.4 1 0
github.com/example/subscriptions-service/internal/config/config.go:75.2,75.51 1 0
github.com/example/subscriptions-service/internal/config/config.go:75.51,76.44 1 0
github.com/example/subscriptions-service/internal/config/config.go:76.44,78.4 1 0
github.com/example/subscriptions-service/internal/config/config.go:81.2,81.59 1 0
github.com/example/subscriptions-service/internal/config/config.go:81.59,82.50 1 0
github.com/example/subscriptions-service/internal/config/config.go:82.50,84.4 1 0
github.com/example/subscriptions-service/internal/domain/subscription/month.go:14.58,15.63 1 0
github.com/example/subscriptions-service/internal/domain/subscription/month.go:15.63,17.3 1 0
github.com/example/subscriptions-service/internal/domain/subscription/month.go:18.2,18.74 1 0
github.com/example/subscriptions-service/internal/domain/subscription/month.go:21.46,23.16 2 0
github.com/example/subscriptions-service/internal/domain/subscription/month.go:23.16,25.3 1 0
github.com/example/subscriptions-service/internal/domain/subscription/month.go:26.2,26.82 1 0
github.com/example/subscriptions-service/internal/domain/subscription/month.go:29.32,31.2 1 0
github.com/example/subscriptions-service/internal/domain/subscription/month.go:33.41,33.77 1 0
github.com/example/subscriptions-service/internal/domain/subscription/month.go:34.41,34.76 1 0
github.com/example/subscriptions-service/internal/domain/subscription/subscription.go:21.107,30.37 2 0
github.com/example/subscriptions-service/internal/domain/subscription/subscription.go:30.37,32.3 1 0
github.com/example/subscriptions-service/internal/domain/subscription/subscription.go:33.2,33.15 1 0
github.com/example/subscriptions-service/internal/domain/subscription/subscription.go:36.41,37.44 1 0
github.com/example/subscriptions-service/internal/domain/subscription/subscription.go:37.44,39.3 1 0
github.com/example/subscriptions-service/internal/domain/subscription/subscription.go:40.2,40.18 1 0
github.com/example/subscriptions-service/internal/domain/subscription/subscription.go:40.18,42.3 1 0
github.com/example/subscriptions-service/internal/domain/subscription/subscription.go:43.2,43.26 1 0
github.com/example/subscriptions-service/internal/domain/subscription/subscription.go:43.26,45.3 1 0
github.com/example/subscriptions-service/internal/domain/subscription/subscription.go:46.2,46.58 1 0
github.com/example/subscriptions-service/internal/domain/subscription/subscription.go:46.58,48.3 1 0
github.com/example/subscriptions-service/internal/domain/subscription/subscription.go:49.2,49.12 1 0
github.com/example/subscriptions-service/internal/infrastructure/logger/logger.go:8.25,10.2 1 0
github.com/example/subscriptions-service/internal/repository/postgres/create.go:10.92,17.23 3 0
github.com/example/subscriptions-service/internal/repository/postgres/create.go:17.23,19.3 1 0
github.com/example/subscriptions-service/internal/repository/postgres/create.go:20.2,20.138 1 0
github.com/example/subscriptions-service/internal/repository/postgres/delete.go:10.82,14.16 3 0
github.com/example/subscriptions-service/internal/repository/postgres/delete.go:14.16,16.3 1 0
github.com/example/subscriptions-service/internal/repository/postgres/delete.go:17.2,17.28 1 0
github.com/example/subscriptions-service/internal/repository/postgres/delete.go:17.28,19.3 1 0
github.com/example/subscriptions-service/internal/repository/postgres/delete.go:20.2,20.12 1 0
github.com/example/subscriptions-service/internal/repository/postgres/filters.go:11.64,12.24 1 0
github.com/example/subscriptions-service/internal/repository/postgres/filters.go:12.24,14.3 1 0
github.com/example/subscriptions-service/internal/repository/postgres/filters.go:15.2,16.19 2 0
github.com/example/subscriptions-service/internal/repository/postgres/filters.go:19.32,21.2 1 0
github.com/example/subscriptions-service/internal/repository/postgres/filters.go:23.79,27.19 3 0
github.com/example/subscriptions-service/internal/repository/postgres/filters.go:27.19,30.3 2 0
github.com/example/subscriptions-service/internal/repository/postgres/filters.go:32.2,32.56 1 0
github.com/example/subscriptions-service/internal/repository/postgres/filters.go:32.56,35.3 2 0
github.com/example/subscriptions-service/internal/repository/postgres/filters.go:37.2,37.23 1 0
github.com/example/subscriptions-service/internal/repository/postgres/filters.go:37.23,39.3 1 0
github.com/example/subscriptions-service/internal/repository/postgres/filters.go:40.2,40.56 1 0
github.com/example/subscriptions-service/internal/repository/postgres/filters.go:43.59,50.17 3 0
github.com/example/subscriptions-service/internal/repository/postgres/filters.go:50.17,52.3 1 0
github.com/example/subscriptions-service/internal/repository/postgres/filters.go:54.2,54.19 1 0
github.com/example/subscriptions-service/internal/repository/postgres/filters.go:55.9,56.68 1 0
github.com/example/subscriptions-service/internal/repository/postgres/filters.go:57.9,58.68 1 0
github.com/example/subscriptions-service/internal/repository/postgres/filters.go:59.9,60.68 1 0
github.com/example/subscriptions-service/internal/repository/postgres/filters.go:63.2,64.19 2 0
github.com/example/subscriptions-service/internal/repository/postgres/filters.go:67.59,78.19 3 0
github.com/example/subscriptions-service/internal/repository/postgres/filters.go:79.9,81.47 2 0
github.com/example/subscriptions-service/internal/repository/postgres/filters.go:82.9,84.47 2 0
github.com/example/subscriptions-service/internal/repository/postgres/filters.go:85.9,87.47 2 0
github.com/example/subscriptions-service/internal/repository/postgres/filters.go:90.2,90.17 1 0
github.com/example/subscriptions-service/internal/repository/postgres/filters.go:90.17,93.3 1 0
github.com/example/subscriptions-service/internal/repository/postgres/filters.go:93.8,96.3 1 0
github.com/example/subscriptions-service/internal/repository/postgres/filters.go:98.2,99.19 2 0
github.com/example/subscriptions-service/internal/repository/postgres/filters.go:102.88,104.2 1 0
github.com/example/subscriptions-service/internal/repository/postgres/filters.go:106.57,108.2 1 0
github.com/example/subscriptions-service/internal/repository/postgres/filters.go:110.57,112.2 1 0
github.com/example/subscriptions-service/internal/repository/postgres/get.go:12.107,23.35 5 0
github.com/example/subscriptions-service/internal/repository/postgres/get.go:23.35,25.3 1 0
github.com/example/subscriptions-service/internal/repository/postgres/get.go:26.2,26.27 1 0
github.com/example/subscriptions-service/internal/repository/postgres/list.go:10.113,13.16 3 0
github.com/example/subscriptions-service/internal/repository/postgres/list.go:13.16,15.3 1 0
github.com/example/subscriptions-service/internal/repository/postgres/list.go:16.2,19.18 3 0
github.com/example/subscriptions-service/internal/repository/postgres/list.go:19.18,21.17 2 0
github.com/example/subscriptions-service/internal/repository/postgres/list.go:21.17,23.4 1 0
github.com/example/subscriptions-service/internal/repository/postgres/list.go:24.3,24.28 1 0
github.com/example/subscriptions-service/internal/repository/postgres/list.go:26.2,26.26 1 0
github.com/example/subscriptions-service/internal/repository/postgres/pool.go:11.85,13.16 2 0
github.com/example/subscriptions-service/internal/repository/postgres/pool.go:13.16,15.3 1 0
github.com/example/subscriptions-service/internal/repository/postgres/pool.go:17.2,22.16 5 0
github.com/example/subscriptions-service/internal/repository/postgres/pool.go:22.16,24.3 1 0
github.com/example/subscriptions-service/internal/repository/postgres/pool.go:26.2,26.39 1 0
github.com/example/subscriptions-service/internal/repository/postgres/pool.go:26.39,29.3 2 0
github.com/example/subscriptions-service/internal/repository/postgres/pool.go:31.2,31.18 1 0
github.com/example/subscriptions-service/internal/repository/postgres/scan.go:10.66,15.119 4 0
github.com/example/subscriptions-service/internal/repository/postgres/scan.go:15.119,17.3 1 0
github.com/example/subscriptions-service/internal/repository/postgres/scan.go:19.2,20.16 2 0
github.com/example/subscriptions-service/internal/repository/postgres/scan.go:20.16,23.3 2 0
github.com/example/subscriptions-service/internal/repository/postgres/scan.go:25.2,25.16 1 0
github.com/example/subscriptions-service/internal/repository/postgres/subscription_repository.go:20.70,22.2 1 0
github.com/example/subscriptions-service/internal/repository/postgres/total_cost.go:9.100,13.74 3 0
github.com/example/subscriptions-service/internal/repository/postgres/total_cost.go:13.74,15.3 1 0
github.com/example/subscriptions-service/internal/repository/postgres/total_cost.go:17.2,17.19 1 0
github.com/example/subscriptions-service/internal/repository/postgres/update.go:12.92,19.23 3 0
github.com/example/subscriptions-service/internal/repository/postgres/update.go:19.23,21.3 1 0
github.com/example/subscriptions-service/internal/repository/postgres/update.go:22.2,24.35 2 0
github.com/example/subscriptions-service/internal/repository/postgres/update.go:24.35,26.3 1 0
github.com/example/subscriptions-service/internal/repository/postgres/update.go:27.2,27.12 1 0
github.com/example/subscriptions-service/internal/service/subscription/create.go:9.97,11.16 2 0
github.com/example/subscriptions-service/internal/service/subscription/create.go:11.16,13.3 1 0
github.com/example/subscriptions-service/internal/service/subscription/create.go:15.2,16.16 2 0
github.com/example/subscriptions-service/internal/service/subscription/create.go:16.16,18.3 1 0
github.com/example/subscriptions-service/internal/service/subscription/create.go:20.2,20.34 1 0
github.com/example/subscriptions-service/internal/service/subscription/delete.go:9.68,11.2 1 0
github.com/example/subscriptions-service/internal/service/subscription/get.go:10.89,12.2 1 0
github.com/example/subscriptions-service/internal/service/subscription/list.go:9.91,10.35 1 0
github.com/example/subscriptions-service/internal/service/subscription/list.go:10.35,12.3 1 0
github.com/example/subscriptions-service/internal/service/subscription/list.go:13.2,13.18 1 0
github.com/example/subscriptions-service/internal/service/subscription/list.go:13.18,15.3 1 0
github.com/example/subscriptions-service/internal/service/subscription/list.go:16.2,16.29 1 0
github.com/example/subscriptions-service/internal/service/subscription/service.go:9.43,11.2 1 0
github.com/example/subscriptions-service/internal/service/subscription/service.go:13.90,15.16 2 0
github.com/example/subscriptions-service/internal/service/subscription/service.go:15.16,17.3 1 0
github.com/example/subscriptions-service/internal/service/subscription/service.go:19.2,19.38 1 0
github.com/example/subscriptions-service/internal/service/subscription/service.go:19.38,21.3 1 0
github.com/example/subscriptions-service/internal/service/subscription/service.go:23.2,24.16 2 0
github.com/example/subscriptions-service/internal/service/subscription/service.go:24.16,26.3 1 0
github.com/example/subscriptions-service/internal/service/subscription/service.go:28.2,28.25 1 0
github.com/example/subscriptions-service/internal/service/subscription/total_cost.go:9.78,10.37 1 0
github.com/example/subscriptions-service/internal/service/subscription/total_cost.go:10.37,12.3 1 0
github.com/example/subscriptions-service/internal/service/subscription/total_cost.go:14.2,14.34 1 0
github.com/example/subscriptions-service/internal/service/subscription/update.go:9.97,11.16 2 0
github.com/example/subscriptions-service/internal/service/subscription/update.go:11.16,13.3 1 0
github.com/example/subscriptions-service/internal/service/subscription/update.go:15.2,17.37 2 0
github.com/example/subscriptions-service/internal/service/subscription/update.go:17.37,19.3 1 0
github.com/example/subscriptions-service/internal/service/subscription/update.go:21.2,21.34 1 0
github.com/example/subscriptions-service/internal/transport/http/router.go:11.82,15.2 3 1
github.com/example/subscriptions-service/internal/transport/http/handler/create.go:5.78,7.59 2 0
github.com/example/subscriptions-service/internal/transport/http/handler/create.go:7.59,10.3 2 0
github.com/example/subscriptions-service/internal/transport/http/handler/create.go:12.2,13.16 2 0
github.com/example/subscriptions-service/internal/transport/http/handler/create.go:13.16,16.3 2 0
github.com/example/subscriptions-service/internal/transport/http/handler/create.go:18.2,19.16 2 0
github.com/example/subscriptions-service/internal/transport/http/handler/create.go:19.16,22.3 2 0
github.com/example/subscriptions-service/internal/transport/http/handler/create.go:23.2,23.65 1 0
github.com/example/subscriptions-service/internal/transport/http/handler/delete.go:9.78,12.16 2 0
github.com/example/subscriptions-service/internal/transport/http/handler/delete.go:12.16,15.3 2 0
github.com/example/subscriptions-service/internal/transport/http/handler/delete.go:17.2,17.53 1 0
github.com/example/subscriptions-service/internal/transport/http/handler/delete.go:17.53,20.3 2 0
github.com/example/subscriptions-service/internal/transport/http/handler/delete.go:22.2,22.37 1 0
github.com/example/subscriptions-service/internal/transport/http/handler/error.go:10.77,11.9 1 0
github.com/example/subscriptions-service/internal/transport/http/handler/error.go:12.42,13.42 1 0
github.com/example/subscriptions-service/internal/transport/http/handler/error.go:15.133,16.44 1 0
github.com/example/subscriptions-service/internal/transport/http/handler/error.go:18.10,20.78 2 0
github.com/example/subscriptions-service/internal/transport/http/handler/get.go:9.75,12.16 2 0
github.com/example/subscriptions-service/internal/transport/http/handler/get.go:12.16,15.3 2 0
github.com/example/subscriptions-service/internal/transport/http/handler/get.go:17.2,18.16 2 0
github.com/example/subscriptions-service/internal/transport/http/handler/get.go:18.16,21.3 2 0
github.com/example/subscriptions-service/internal/transport/http/handler/get.go:23.2,23.60 1 0
github.com/example/subscriptions-service/internal/transport/http/handler/health.go:5.78,7.2 1 1
github.com/example/subscriptions-service/internal/transport/http/handler/list.go:5.76,7.16 2 0
github.com/example/subscriptions-service/internal/transport/http/handler/list.go:7.16,10.3 2 0
github.com/example/subscriptions-service/internal/transport/http/handler/list.go:12.2,13.16 2 0
github.com/example/subscriptions-service/internal/transport/http/handler/list.go:13.16,16.3 2 0
github.com/example/subscriptions-service/internal/transport/http/handler/list.go:18.2,19.23 2 0
github.com/example/subscriptions-service/internal/transport/http/handler/list.go:19.23,21.3 1 0
github.com/example/subscriptions-service/internal/transport/http/handler/list.go:23.2,23.90 1 0
github.com/example/subscriptions-service/internal/transport/http/handler/query.go:12.63,16.36 3 0
github.com/example/subscriptions-service/internal/transport/http/handler/query.go:16.36,18.17 2 0
github.com/example/subscriptions-service/internal/transport/http/handler/query.go:18.17,20.4 1 0
github.com/example/subscriptions-service/internal/transport/http/handler/query.go:21.3,21.17 1 0
github.com/example/subscriptions-service/internal/transport/http/handler/query.go:24.2,24.60 1 0
github.com/example/subscriptions-service/internal/transport/http/handler/query.go:24.60,26.3 1 0
github.com/example/subscriptions-service/internal/transport/http/handler/query.go:28.2,28.34 1 0
github.com/example/subscriptions-service/internal/transport/http/handler/query.go:28.34,30.17 2 0
github.com/example/subscriptions-service/internal/transport/http/handler/query.go:30.17,32.4 1 0
github.com/example/subscriptions-service/internal/transport/http/handler/query.go:33.3,33.14 1 0
github.com/example/subscriptions-service/internal/transport/http/handler/query.go:36.2,36.35 1 0
github.com/example/subscriptions-service/internal/transport/http/handler/query.go:36.35,38.17 2 0
github.com/example/subscriptions-service/internal/transport/http/handler/query.go:38.17,40.4 1 0
github.com/example/subscriptions-service/internal/transport/http/handler/query.go:41.3,41.15 1 0
github.com/example/subscriptions-service/internal/transport/http/handler/query.go:44.2,44.15 1 0
github.com/example/subscriptions-service/internal/transport/http/handler/query.go:47.74,49.16 2 0
github.com/example/subscriptions-service/internal/transport/http/handler/query.go:49.16,51.3 1 0
github.com/example/subscriptions-service/internal/transport/http/handler/query.go:53.2,53.139 1 0
github.com/example/subscriptions-service/internal/transport/http/handler/query.go:56.88,58.16 2 0
github.com/example/subscriptions-service/internal/transport/http/handler/query.go:58.16,60.3 1 0
github.com/example/subscriptions-service/internal/transport/http/handler/query.go:62.2,62.151 1 0
github.com/example/subscriptions-service/internal/transport/http/handler/request.go:18.81,23.40 4 0
github.com/example/subscriptions-service/internal/transport/http/handler/request.go:23.40,25.3 1 0
github.com/example/subscriptions-service/internal/transport/http/handler/request.go:27.2,28.46 2 0
github.com/example/subscriptions-service/internal/transport/http/handler/request.go:28.46,29.17 1 0
github.com/example/subscriptions-service/internal/transport/http/handler/request.go:29.17,31.4 1 0
github.com/example/subscriptions-service/internal/transport/http/handler/request.go:32.3,32.70 1 0
github.com/example/subscriptions-service/internal/transport/http/handler/request.go:35.2,35.12 1 0
github.com/example/subscriptions-service/internal/transport/http/handler/response.go:37.62,39.23 2 0
github.com/example/subscriptions-service/internal/transport/http/handler/response.go:39.23,42.3 2 0
github.com/example/subscriptions-service/internal/transport/http/handler/response.go:44.2,53.3 1 0
github.com/example/subscriptions-service/internal/transport/http/handler/response.go:56.91,59.2 2 0
github.com/example/subscriptions-service/internal/transport/http/handler/response.go:61.101,64.2 2 0
github.com/example/subscriptions-service/internal/transport/http/handler/response.go:66.85,69.2 2 0
github.com/example/subscriptions-service/internal/transport/http/handler/response.go:71.61,74.2 2 1
github.com/example/subscriptions-service/internal/transport/http/handler/response.go:76.63,79.2 2 0
github.com/example/subscriptions-service/internal/transport/http/handler/response.go:81.67,85.2 3 1
github.com/example/subscriptions-service/internal/transport/http/handler/subscription.go:13.92,15.2 1 1
github.com/example/subscriptions-service/internal/transport/http/handler/subscription.go:17.60,25.2 7 1
github.com/example/subscriptions-service/internal/transport/http/handler/total_cost.go:12.81,15.16 3 0
github.com/example/subscriptions-service/internal/transport/http/handler/total_cost.go:15.16,18.3 2 0
github.com/example/subscriptions-service/internal/transport/http/handler/total_cost.go:20.2,21.16 2 0
github.com/example/subscriptions-service/internal/transport/http/handler/total_cost.go:21.16,24.3 2 0
github.com/example/subscriptions-service/internal/transport/http/handler/total_cost.go:26.2,27.36 2 0
github.com/example/subscriptions-service/internal/transport/http/handler/total_cost.go:27.36,29.17 2 0
github.com/example/subscriptions-service/internal/transport/http/handler/total_cost.go:29.17,32.4 2 0
github.com/example/subscriptions-service/internal/transport/http/handler/total_cost.go:33.3,33.15 1 0
github.com/example/subscriptions-service/internal/transport/http/handler/total_cost.go:36.2,37.60 2 0
github.com/example/subscriptions-service/internal/transport/http/handler/total_cost.go:37.60,39.3 1 0
github.com/example/subscriptions-service/internal/transport/http/handler/total_cost.go:41.2,42.16 2 0
github.com/example/subscriptions-service/internal/transport/http/handler/total_cost.go:42.16,45.3 2 0
github.com/example/subscriptions-service/internal/transport/http/handler/total_cost.go:47.2,47.79 1 0
github.com/example/subscriptions-service/internal/transport/http/handler/update.go:9.78,11.16 2 0
github.com/example/subscriptions-service/internal/transport/http/handler/update.go:11.16,14.3 2 0
github.com/example/subscriptions-service/internal/transport/http/handler/update.go:16.2,17.59 2 0
github.com/example/subscriptions-service/internal/transport/http/handler/update.go:17.59,20.3 2 0
github.com/example/subscriptions-service/internal/transport/http/handler/update.go:22.2,23.16 2 0
github.com/example/subscriptions-service/internal/transport/http/handler/update.go:23.16,26.3 2 0
github.com/example/subscriptions-service/internal/transport/http/handler/update.go:28.2,29.16 2 0
github.com/example/subscriptions-service/internal/transport/http/handler/update.go:29.16,32.3 2 0
github.com/example/subscriptions-service/internal/transport/http/handler/update.go:34.2,34.60 1 0
github.com/example/subscriptions-service/internal/transport/http/middleware/logging.go:16.48,16.103 2 1
github.com/example/subscriptions-service/internal/transport/http/middleware/logging.go:23.54,26.55 3 1
github.com/example/subscriptions-service/internal/transport/http/middleware/logging.go:26.55,28.3 1 0
github.com/example/subscriptions-service/internal/transport/http/middleware/logging.go:29.2,30.13 2 1
github.com/example/subscriptions-service/internal/transport/http/middleware/logging.go:33.64,35.46 2 1
github.com/example/subscriptions-service/internal/transport/http/middleware/logging.go:35.46,36.72 1 1
github.com/example/subscriptions-service/internal/transport/http/middleware/logging.go:36.72,41.86 4 1
github.com/example/subscriptions-service/internal/transport/http/middleware/logging.go:41.86,42.41 1 1
github.com/example/subscriptions-service/internal/transport/http/middleware/logging.go:42.41,44.6 1 0
github.com/example/subscriptions-service/internal/transport/http/middleware/logging.go:47.4,47.129 1 1
github.com/example/subscriptions-service/internal/transport/http/middleware/recover.go:9.64,10.46 1 1
github.com/example/subscriptions-service/internal/transport/http/middleware/recover.go:10.46,11.72 1 1
github.com/example/subscriptions-service/internal/transport/http/middleware/recover.go:11.72,12.17 1 1
github.com/example/subscriptions-service/internal/transport/http/middleware/recover.go:12.17,13.37 1 1
github.com/example/subscriptions-service/internal/transport/http/middleware/recover.go:13.37,18.6 4 0
github.com/example/subscriptions-service/internal/transport/http/middleware/recover.go:20.4,20.24 1 1
github.com/example/subscriptions-service/cmd/app/main.go:23.91,25.3 1 0
github.com/example/subscriptions-service/cmd/app/main.go:32.71,34.3 1 0
github.com/example/subscriptions-service/cmd/app/main.go:41.95,43.16 2 0
github.com/example/subscriptions-service/cmd/app/main.go:43.16,45.3 1 0
github.com/example/subscriptions-service/cmd/app/main.go:46.2,46.37 1 0
github.com/example/subscriptions-service/cmd/app/main.go:49.13,50.34 1 1
github.com/example/subscriptions-service/cmd/app/main.go:50.34,52.3 1 1
github.com/example/subscriptions-service/cmd/app/main.go:55.22,61.16 5 1
github.com/example/subscriptions-service/cmd/app/main.go:61.16,63.3 1 1
github.com/example/subscriptions-service/cmd/app/main.go:65.2,65.22 1 0
github.com/example/subscriptions-service/cmd/app/main.go:68.54,73.16 4 1
github.com/example/subscriptions-service/cmd/app/main.go:73.16,75.3 1 1
github.com/example/subscriptions-service/cmd/app/main.go:76.2,76.15 1 0
github.com/example/subscriptions-service/cmd/app/main.go:76.15,77.42 1 0
github.com/example/subscriptions-service/cmd/app/main.go:77.42,79.4 1 0
github.com/example/subscriptions-service/cmd/app/main.go:82.2,88.12 6 0
github.com/example/subscriptions-service/cmd/app/main.go:88.12,90.87 2 0
github.com/example/subscriptions-service/cmd/app/main.go:90.87,93.4 2 0
github.com/example/subscriptions-service/cmd/app/main.go:96.2,99.50 4 0
github.com/example/subscriptions-service/cmd/app/main.go:99.50,101.3 1 0
github.com/example/subscriptions-service/cmd/app/main.go:102.2,103.12 2 0
github.com/example/subscriptions-service/internal/config/config.go:30.41,34.16 3 0
github.com/example/subscriptions-service/internal/config/config.go:34.16,37.17 2 0
github.com/example/subscriptions-service/internal/config/config.go:37.17,39.4 1 0
github.com/example/subscriptions-service/internal/config/config.go:41.3,41.49 1 0
github.com/example/subscriptions-service/internal/config/config.go:41.49,43.4 1 0
github.com/example/subscriptions-service/internal/config/config.go:45.2,46.28 2 0
github.com/example/subscriptions-service/internal/config/config.go:46.28,48.3 1 0
github.com/example/subscriptions-service/internal/config/config.go:50.2,50.18 1 0
github.com/example/subscriptions-service/internal/config/config.go:53.29,58.2 1 0
github.com/example/subscriptions-service/internal/config/config.go:60.28,61.42 1 0
github.com/example/subscriptions-service/internal/config/config.go:61.42,63.3 1 0
github.com/example/subscriptions-service/internal/config/config.go:65.2,65.45 1 0
github.com/example/subscriptions-service/internal/config/config.go:65.45,67.3 1 0
github.com/example/subscriptions-service/internal/config/config.go:69.2,69.51 1 0
github.com/example/subscriptions-service/internal/config/config.go:69.51,70.44 1 0
github.com/example/subscriptions-service/internal/config/config.go:70.44,72.4 1 0
github.com/example/subscriptions-service/internal/config/config.go:75.2,75.51 1 0
github.com/example/subscriptions-service/internal/config/config.go:75.51,76.44 1 0
github.com/example/subscriptions-service/internal/config/config.go:76.44,78.4 1 0
github.com/example/subscriptions-service/internal/config/config.go:81.2,81.59 1 0
github.com/example/subscriptions-service/internal/config/config.go:81.59,82.50 1 0
github.com/example/subscriptions-service/internal/config/config.go:82.50,84.4 1 0
github.com/example/subscriptions-service/internal/domain/subscription/month.go:14.58,15.63 1 0
github.com/example/subscriptions-service/internal/domain/subscription/month.go:15.63,17.3 1 0
github.com/example/subscriptions-service/internal/domain/subscription/month.go:18.2,18.74 1 0
github.com/example/subscriptions-service/internal/domain/subscription/month.go:21.46,23.16 2 0
github.com/example/subscriptions-service/internal/domain/subscription/month.go:23.16,25.3 1 0
github.com/example/subscriptions-service/internal/domain/subscription/month.go:26.2,26.82 1 0
github.com/example/subscriptions-service/internal/domain/subscription/month.go:29.32,31.2 1 0
github.com/example/subscriptions-service/internal/domain/subscription/month.go:33.41,33.77 1 0
github.com/example/subscriptions-service/internal/domain/subscription/month.go:34.41,34.76 1 0
github.com/example/subscriptions-service/internal/domain/subscription/subscription.go:21.107,30.37 2 0
github.com/example/subscriptions-service/internal/domain/subscription/subscription.go:30.37,32.3 1 0
github.com/example/subscriptions-service/internal/domain/subscription/subscription.go:33.2,33.15 1 0
github.com/example/subscriptions-service/internal/domain/subscription/subscription.go:36.41,37.44 1 0
github.com/example/subscriptions-service/internal/domain/subscription/subscription.go:37.44,39.3 1 0
github.com/example/subscriptions-service/internal/domain/subscription/subscription.go:40.2,40.18 1 0
github.com/example/subscriptions-service/internal/domain/subscription/subscription.go:40.18,42.3 1 0
github.com/example/subscriptions-service/internal/domain/subscription/subscription.go:43.2,43.26 1 0
github.com/example/subscriptions-service/internal/domain/subscription/subscription.go:43.26,45.3 1 0
github.com/example/subscriptions-service/internal/domain/subscription/subscription.go:46.2,46.58 1 0
github.com/example/subscriptions-service/internal/domain/subscription/subscription.go:46.58,48.3 1 0
github.com/example/subscriptions-service/internal/domain/subscription/subscription.go:49.2,49.12 1 0
github.com/example/subscriptions-service/internal/infrastructure/logger/logger.go:8.25,10.2 1 1
github.com/example/subscriptions-service/internal/repository/postgres/create.go:10.92,17.23 3 0
github.com/example/subscriptions-service/internal/repository/postgres/create.go:17.23,19.3 1 0
github.com/example/subscriptions-service/internal/repository/postgres/create.go:20.2,20.138 1 0
github.com/example/subscriptions-service/internal/repository/postgres/delete.go:10.82,14.16 3 0
github.com/example/subscriptions-service/internal/repository/postgres/delete.go:14.16,16.3 1 0
github.com/example/subscriptions-service/internal/repository/postgres/delete.go:17.2,17.28 1 0
github.com/example/subscriptions-service/internal/repository/postgres/delete.go:17.28,19.3 1 0
github.com/example/subscriptions-service/internal/repository/postgres/delete.go:20.2,20.12 1 0
github.com/example/subscriptions-service/internal/repository/postgres/filters.go:11.64,12.24 1 0
github.com/example/subscriptions-service/internal/repository/postgres/filters.go:12.24,14.3 1 0
github.com/example/subscriptions-service/internal/repository/postgres/filters.go:15.2,16.19 2 0
github.com/example/subscriptions-service/internal/repository/postgres/filters.go:19.32,21.2 1 0
github.com/example/subscriptions-service/internal/repository/postgres/filters.go:23.79,27.19 3 0
github.com/example/subscriptions-service/internal/repository/postgres/filters.go:27.19,30.3 2 0
github.com/example/subscriptions-service/internal/repository/postgres/filters.go:32.2,32.56 1 0
github.com/example/subscriptions-service/internal/repository/postgres/filters.go:32.56,35.3 2 0
github.com/example/subscriptions-service/internal/repository/postgres/filters.go:37.2,37.23 1 0
github.com/example/subscriptions-service/internal/repository/postgres/filters.go:37.23,39.3 1 0
github.com/example/subscriptions-service/internal/repository/postgres/filters.go:40.2,40.56 1 0
github.com/example/subscriptions-service/internal/repository/postgres/filters.go:43.59,50.17 3 0
github.com/example/subscriptions-service/internal/repository/postgres/filters.go:50.17,52.3 1 0
github.com/example/subscriptions-service/internal/repository/postgres/filters.go:54.2,54.19 1 0
github.com/example/subscriptions-service/internal/repository/postgres/filters.go:55.9,56.68 1 0
github.com/example/subscriptions-service/internal/repository/postgres/filters.go:57.9,58.68 1 0
github.com/example/subscriptions-service/internal/repository/postgres/filters.go:59.9,60.68 1 0
github.com/example/subscriptions-service/internal/repository/postgres/filters.go:63.2,64.19 2 0
github.com/example/subscriptions-service/internal/repository/postgres/filters.go:67.59,78.19 3 0
github.com/example/subscriptions-service/internal/repository/postgres/filters.go:79.9,81.47 2 0
github.com/example/subscriptions-service/internal/repository/postgres/filters.go:82.9,84.47 2 0
github.com/example/subscriptions-service/internal/repository/postgres/filters.go:85.9,87.47 2 0
github.com/example/subscriptions-service/internal/repository/postgres/filters.go:90.2,90.17 1 0
github.com/example/subscriptions-service/internal/repository/postgres/filters.go:90.17,93.3 1 0
github.com/example/subscriptions-service/internal/repository/postgres/filters.go:93.8,96.3 1 0
github.com/example/subscriptions-service/internal/repository/postgres/filters.go:98.2,99.19 2 0
github.com/example/subscriptions-service/internal/repository/postgres/filters.go:102.88,104.2 1 0
github.com/example/subscriptions-service/internal/repository/postgres/filters.go:106.57,108.2 1 0
github.com/example/subscriptions-service/internal/repository/postgres/filters.go:110.57,112.2 1 0
github.com/example/subscriptions-service/internal/repository/postgres/get.go:12.107,23.35 5 0
github.com/example/subscriptions-service/internal/repository/postgres/get.go:23.35,25.3 1 0
github.com/example/subscriptions-service/internal/repository/postgres/get.go:26.2,26.27 1 0
github.com/example/subscriptions-service/internal/repository/postgres/list.go:10.113,13.16 3 0
github.com/example/subscriptions-service/internal/repository/postgres/list.go:13.16,15.3 1 0
github.com/example/subscriptions-service/internal/repository/postgres/list.go:16.2,19.18 3 0
github.com/example/subscriptions-service/internal/repository/postgres/list.go:19.18,21.17 2 0
github.com/example/subscriptions-service/internal/repository/postgres/list.go:21.17,23.4 1 0
github.com/example/subscriptions-service/internal/repository/postgres/list.go:24.3,24.28 1 0
github.com/example/subscriptions-service/internal/repository/postgres/list.go:26.2,26.26 1 0
github.com/example/subscriptions-service/internal/repository/postgres/pool.go:11.85,13.16 2 0
github.com/example/subscriptions-service/internal/repository/postgres/pool.go:13.16,15.3 1 0
github.com/example/subscriptions-service/internal/repository/postgres/pool.go:17.2,22.16 5 0
github.com/example/subscriptions-service/internal/repository/postgres/pool.go:22.16,24.3 1 0
github.com/example/subscriptions-service/internal/repository/postgres/pool.go:26.2,26.39 1 0
github.com/example/subscriptions-service/internal/repository/postgres/pool.go:26.39,29.3 2 0
github.com/example/subscriptions-service/internal/repository/postgres/pool.go:31.2,31.18 1 0
github.com/example/subscriptions-service/internal/repository/postgres/scan.go:10.66,15.119 4 0
github.com/example/subscriptions-service/internal/repository/postgres/scan.go:15.119,17.3 1 0
github.com/example/subscriptions-service/internal/repository/postgres/scan.go:19.2,20.16 2 0
github.com/example/subscriptions-service/internal/repository/postgres/scan.go:20.16,23.3 2 0
github.com/example/subscriptions-service/internal/repository/postgres/scan.go:25.2,25.16 1 0
github.com/example/subscriptions-service/internal/repository/postgres/subscription_repository.go:20.70,22.2 1 0
github.com/example/subscriptions-service/internal/repository/postgres/total_cost.go:9.100,13.74 3 0
github.com/example/subscriptions-service/internal/repository/postgres/total_cost.go:13.74,15.3 1 0
github.com/example/subscriptions-service/internal/repository/postgres/total_cost.go:17.2,17.19 1 0
github.com/example/subscriptions-service/internal/repository/postgres/update.go:12.92,19.23 3 0
github.com/example/subscriptions-service/internal/repository/postgres/update.go:19.23,21.3 1 0
github.com/example/subscriptions-service/internal/repository/postgres/update.go:22.2,24.35 2 0
github.com/example/subscriptions-service/internal/repository/postgres/update.go:24.35,26.3 1 0
github.com/example/subscriptions-service/internal/repository/postgres/update.go:27.2,27.12 1 0
github.com/example/subscriptions-service/internal/service/subscription/create.go:9.97,11.16 2 0
github.com/example/subscriptions-service/internal/service/subscription/create.go:11.16,13.3 1 0
github.com/example/subscriptions-service/internal/service/subscription/create.go:15.2,16.16 2 0
github.com/example/subscriptions-service/internal/service/subscription/create.go:16.16,18.3 1 0
github.com/example/subscriptions-service/internal/service/subscription/create.go:20.2,20.34 1 0
github.com/example/subscriptions-service/internal/service/subscription/delete.go:9.68,11.2 1 0
github.com/example/subscriptions-service/internal/service/subscription/get.go:10.89,12.2 1 0
github.com/example/subscriptions-service/internal/service/subscription/list.go:9.91,10.35 1 0
github.com/example/subscriptions-service/internal/service/subscription/list.go:10.35,12.3 1 0
github.com/example/subscriptions-service/internal/service/subscription/list.go:13.2,13.18 1 0
github.com/example/subscriptions-service/internal/service/subscription/list.go:13.18,15.3 1 0
github.com/example/subscriptions-service/internal/service/subscription/list.go:16.2,16.29 1 0
github.com/example/subscriptions-service/internal/service/subscription/service.go:9.43,11.2 1 0
github.com/example/subscriptions-service/internal/service/subscription/service.go:13.90,15.16 2 0
github.com/example/subscriptions-service/internal/service/subscription/service.go:15.16,17.3 1 0
github.com/example/subscriptions-service/internal/service/subscription/service.go:19.2,19.38 1 0
github.com/example/subscriptions-service/internal/service/subscription/service.go:19.38,21.3 1 0
github.com/example/subscriptions-service/internal/service/subscription/service.go:23.2,24.16 2 0
github.com/example/subscriptions-service/internal/service/subscription/service.go:24.16,26.3 1 0
github.com/example/subscriptions-service/internal/service/subscription/service.go:28.2,28.25 1 0
github.com/example/subscriptions-service/internal/service/subscription/total_cost.go:9.78,10.37 1 0
github.com/example/subscriptions-service/internal/service/subscription/total_cost.go:10.37,12.3 1 0
github.com/example/subscriptions-service/internal/service/subscription/total_cost.go:14.2,14.34 1 0
github.com/example/subscriptions-service/internal/service/subscription/update.go:9.97,11.16 2 0
github.com/example/subscriptions-service/internal/service/subscription/update.go:11.16,13.3 1 0
github.com/example/subscriptions-service/internal/service/subscription/update.go:15.2,17.37 2 0
github.com/example/subscriptions-service/internal/service/subscription/update.go:17.37,19.3 1 0
github.com/example/subscriptions-service/internal/service/subscription/update.go:21.2,21.34 1 0
github.com/example/subscriptions-service/internal/transport/http/router.go:11.82,15.2 3 0
github.com/example/subscriptions-service/internal/transport/http/handler/create.go:5.78,7.59 2 0
github.com/example/subscriptions-service/internal/transport/http/handler/create.go:7.59,10.3 2 0
github.com/example/subscriptions-service/internal/transport/http/handler/create.go:12.2,13.16 2 0
github.com/example/subscriptions-service/internal/transport/http/handler/create.go:13.16,16.3 2 0
github.com/example/subscriptions-service/internal/transport/http/handler/create.go:18.2,19.16 2 0
github.com/example/subscriptions-service/internal/transport/http/handler/create.go:19.16,22.3 2 0
github.com/example/subscriptions-service/internal/transport/http/handler/create.go:23.2,23.65 1 0
github.com/example/subscriptions-service/internal/transport/http/handler/delete.go:9.78,12.16 2 0
github.com/example/subscriptions-service/internal/transport/http/handler/delete.go:12.16,15.3 2 0
github.com/example/subscriptions-service/internal/transport/http/handler/delete.go:17.2,17.53 1 0
github.com/example/subscriptions-service/internal/transport/http/handler/delete.go:17.53,20.3 2 0
github.com/example/subscriptions-service/internal/transport/http/handler/delete.go:22.2,22.37 1 0
github.com/example/subscriptions-service/internal/transport/http/handler/error.go:10.77,11.9 1 0
github.com/example/subscriptions-service/internal/transport/http/handler/error.go:12.42,13.42 1 0
github.com/example/subscriptions-service/internal/transport/http/handler/error.go:15.133,16.44 1 0
github.com/example/subscriptions-service/internal/transport/http/handler/error.go:18.10,20.78 2 0
github.com/example/subscriptions-service/internal/transport/http/handler/get.go:9.75,12.16 2 0
github.com/example/subscriptions-service/internal/transport/http/handler/get.go:12.16,15.3 2 0
github.com/example/subscriptions-service/internal/transport/http/handler/get.go:17.2,18.16 2 0
github.com/example/subscriptions-service/internal/transport/http/handler/get.go:18.16,21.3 2 0
github.com/example/subscriptions-service/internal/transport/http/handler/get.go:23.2,23.60 1 0
github.com/example/subscriptions-service/internal/transport/http/handler/health.go:5.78,7.2 1 0
github.com/example/subscriptions-service/internal/transport/http/handler/list.go:5.76,7.16 2 0
github.com/example/subscriptions-service/internal/transport/http/handler/list.go:7.16,10.3 2 0
github.com/example/subscriptions-service/internal/transport/http/handler/list.go:12.2,13.16 2 0
github.com/example/subscriptions-service/internal/transport/http/handler/list.go:13.16,16.3 2 0
github.com/example/subscriptions-service/internal/transport/http/handler/list.go:18.2,19.23 2 0
github.com/example/subscriptions-service/internal/transport/http/handler/list.go:19.23,21.3 1 0
github.com/example/subscriptions-service/internal/transport/http/handler/list.go:23.2,23.90 1 0
github.com/example/subscriptions-service/internal/transport/http/handler/query.go:12.63,16.36 3 0
github.com/example/subscriptions-service/internal/transport/http/handler/query.go:16.36,18.17 2 0
github.com/example/subscriptions-service/internal/transport/http/handler/query.go:18.17,20.4 1 0
github.com/example/subscriptions-service/internal/transport/http/handler/query.go:21.3,21.17 1 0
github.com/example/subscriptions-service/internal/transport/http/handler/query.go:24.2,24.60 1 0
github.com/example/subscriptions-service/internal/transport/http/handler/query.go:24.60,26.3 1 0
github.com/example/subscriptions-service/internal/transport/http/handler/query.go:28.2,28.34 1 0
github.com/example/subscriptions-service/internal/transport/http/handler/query.go:28.34,30.17 2 0
github.com/example/subscriptions-service/internal/transport/http/handler/query.go:30.17,32.4 1 0
github.com/example/subscriptions-service/internal/transport/http/handler/query.go:33.3,33.14 1 0
github.com/example/subscriptions-service/internal/transport/http/handler/query.go:36.2,36.35 1 0
github.com/example/subscriptions-service/internal/transport/http/handler/query.go:36.35,38.17 2 0
github.com/example/subscriptions-service/internal/transport/http/handler/query.go:38.17,40.4 1 0
github.com/example/subscriptions-service/internal/transport/http/handler/query.go:41.3,41.15 1 0
github.com/example/subscriptions-service/internal/transport/http/handler/query.go:44.2,44.15 1 0
github.com/example/subscriptions-service/internal/transport/http/handler/query.go:47.74,49.16 2 0
github.com/example/subscriptions-service/internal/transport/http/handler/query.go:49.16,51.3 1 0
github.com/example/subscriptions-service/internal/transport/http/handler/query.go:53.2,53.139 1 0
github.com/example/subscriptions-service/internal/transport/http/handler/query.go:56.88,58.16 2 0
github.com/example/subscriptions-service/internal/transport/http/handler/query.go:58.16,60.3 1 0
github.com/example/subscriptions-service/internal/transport/http/handler/query.go:62.2,62.151 1 0
github.com/example/subscriptions-service/internal/transport/http/handler/request.go:18.81,23.40 4 0
github.com/example/subscriptions-service/internal/transport/http/handler/request.go:23.40,25.3 1 0
github.com/example/subscriptions-service/internal/transport/http/handler/request.go:27.2,28.46 2 0
github.com/example/subscriptions-service/internal/transport/http/handler/request.go:28.46,29.17 1 0
github.com/example/subscriptions-service/internal/transport/http/handler/request.go:29.17,31.4 1 0
github.com/example/subscriptions-service/internal/transport/http/handler/request.go:32.3,32.70 1 0
github.com/example/subscriptions-service/internal/transport/http/handler/request.go:35.2,35.12 1 0
github.com/example/subscriptions-service/internal/transport/http/handler/response.go:37.62,39.23 2 0
github.com/example/subscriptions-service/internal/transport/http/handler/response.go:39.23,42.3 2 0
github.com/example/subscriptions-service/internal/transport/http/handler/response.go:44.2,53.3 1 0
github.com/example/subscriptions-service/internal/transport/http/handler/response.go:56.91,59.2 2 0
github.com/example/subscriptions-service/internal/transport/http/handler/response.go:61.101,64.2 2 0
github.com/example/subscriptions-service/internal/transport/http/handler/response.go:66.85,69.2 2 0
github.com/example/subscriptions-service/internal/transport/http/handler/response.go:71.61,74.2 2 0
github.com/example/subscriptions-service/internal/transport/http/handler/response.go:76.63,79.2 2 0
github.com/example/subscriptions-service/internal/transport/http/handler/response.go:81.67,85.2 3 0
github.com/example/subscriptions-service/internal/transport/http/handler/subscription.go:13.92,15.2 1 0
github.com/example/subscriptions-service/internal/transport/http/handler/subscription.go:17.60,25.2 7 0
github.com/example/subscriptions-service/internal/transport/http/handler/total_cost.go:12.81,15.16 3 0
github.com/example/subscriptions-service/internal/transport/http/handler/total_cost.go:15.16,18.3 2 0
github.com/example/subscriptions-service/internal/transport/http/handler/total_cost.go:20.2,21.16 2 0
github.com/example/subscriptions-service/internal/transport/http/handler/total_cost.go:21.16,24.3 2 0
github.com/example/subscriptions-service/internal/transport/http/handler/total_cost.go:26.2,27.36 2 0
github.com/example/subscriptions-service/internal/transport/http/handler/total_cost.go:27.36,29.17 2 0
github.com/example/subscriptions-service/internal/transport/http/handler/total_cost.go:29.17,32.4 2 0
github.com/example/subscriptions-service/internal/transport/http/handler/total_cost.go:33.3,33.15 1 0
github.com/example/subscriptions-service/internal/transport/http/handler/total_cost.go:36.2,37.60 2 0
github.com/example/subscriptions-service/internal/transport/http/handler/total_cost.go:37.60,39.3 1 0
github.com/example/subscriptions-service/internal/transport/http/handler/total_cost.go:41.2,42.16 2 0
github.com/example/subscriptions-service/internal/transport/http/handler/total_cost.go:42.16,45.3 2 0
github.com/example/subscriptions-service/internal/transport/http/handler/total_cost.go:47.2,47.79 1 0
github.com/example/subscriptions-service/internal/transport/http/handler/update.go:9.78,11.16 2 0
github.com/example/subscriptions-service/internal/transport/http/handler/update.go:11.16,14.3 2 0
github.com/example/subscriptions-service/internal/transport/http/handler/update.go:16.2,17.59 2 0
github.com/example/subscriptions-service/internal/transport/http/handler/update.go:17.59,20.3 2 0
github.com/example/subscriptions-service/internal/transport/http/handler/update.go:22.2,23.16 2 0
github.com/example/subscriptions-service/internal/transport/http/handler/update.go:23.16,26.3 2 0
github.com/example/subscriptions-service/internal/transport/http/handler/update.go:28.2,29.16 2 0
github.com/example/subscriptions-service/internal/transport/http/handler/update.go:29.16,32.3 2 0
github.com/example/subscriptions-service/internal/transport/http/handler/update.go:34.2,34.60 1 0
github.com/example/subscriptions-service/internal/transport/http/middleware/logging.go:16.48,16.103 2 0
github.com/example/subscriptions-service/internal/transport/http/middleware/logging.go:23.54,26.55 3 0
github.com/example/subscriptions-service/internal/transport/http/middleware/logging.go:26.55,28.3 1 0
github.com/example/subscriptions-service/internal/transport/http/middleware/logging.go:29.2,30.13 2 0
github.com/example/subscriptions-service/internal/transport/http/middleware/logging.go:33.64,35.46 2 0
github.com/example/subscriptions-service/internal/transport/http/middleware/logging.go:35.46,36.72 1 0
github.com/example/subscriptions-service/internal/transport/http/middleware/logging.go:36.72,41.86 4 0
github.com/example/subscriptions-service/internal/transport/http/middleware/logging.go:41.86,42.41 1 0
github.com/example/subscriptions-service/internal/transport/http/middleware/logging.go:42.41,44.6 1 0
github.com/example/subscriptions-service/internal/transport/http/middleware/logging.go:47.4,47.129 1 0
github.com/example/subscriptions-service/internal/transport/http/middleware/recover.go:9.64,10.46 1 0
github.com/example/subscriptions-service/internal/transport/http/middleware/recover.go:10.46,11.72 1 0
github.com/example/subscriptions-service/internal/transport/http/middleware/recover.go:11.72,12.17 1 0
github.com/example/subscriptions-service/internal/transport/http/middleware/recover.go:12.17,13.37 1 0
github.com/example/subscriptions-service/internal/transport/http/middleware/recover.go:13.37,18.6 4 0
github.com/example/subscriptions-service/internal/transport/http/middleware/recover.go:20.4,20.24 1 0
github.com/example/subscriptions-service/cmd/app/main.go:23.91,25.3 1 0
github.com/example/subscriptions-service/cmd/app/main.go:32.71,34.3 1 0
github.com/example/subscriptions-service/cmd/app/main.go:41.95,43.16 2 0
github.com/example/subscriptions-service/cmd/app/main.go:43.16,45.3 1 0
github.com/example/subscriptions-service/cmd/app/main.go:46.2,46.37 1 0
github.com/example/subscriptions-service/cmd/app/main.go:49.13,50.34 1 0
github.com/example/subscriptions-service/cmd/app/main.go:50.34,52.3 1 0
github.com/example/subscriptions-service/cmd/app/main.go:55.22,61.16 5 0
github.com/example/subscriptions-service/cmd/app/main.go:61.16,63.3 1 0
github.com/example/subscriptions-service/cmd/app/main.go:65.2,65.22 1 0
github.com/example/subscriptions-service/cmd/app/main.go:68.54,73.16 4 0
github.com/example/subscriptions-service/cmd/app/main.go:73.16,75.3 1 0
github.com/example/subscriptions-service/cmd/app/main.go:76.2,76.15 1 0
github.com/example/subscriptions-service/cmd/app/main.go:76.15,77.42 1 0
github.com/example/subscriptions-service/cmd/app/main.go:77.42,79.4 1 0
github.com/example/subscriptions-service/cmd/app/main.go:82.2,88.12 6 0
github.com/example/subscriptions-service/cmd/app/main.go:88.12,90.87 2 0
github.com/example/subscriptions-service/cmd/app/main.go:90.87,93.4 2 0
github.com/example/subscriptions-service/cmd/app/main.go:96.2,99.50 4 0
github.com/example/subscriptions-service/cmd/app/main.go:99.50,101.3 1 0
github.com/example/subscriptions-service/cmd/app/main.go:102.2,103.12 2 0
github.com/example/subscriptions-service/internal/config/config.go:30.41,34.16 3 0
github.com/example/subscriptions-service/internal/config/config.go:34.16,37.17 2 0
github.com/example/subscriptions-service/internal/config/config.go:37.17,39.4 1 0
github.com/example/subscriptions-service/internal/config/config.go:41.3,41.49 1 0
github.com/example/subscriptions-service/internal/config/config.go:41.49,43.4 1 0
github.com/example/subscriptions-service/internal/config/config.go:45.2,46.28 2 0
github.com/example/subscriptions-service/internal/config/config.go:46.28,48.3 1 0
github.com/example/subscriptions-service/internal/config/config.go:50.2,50.18 1 0
github.com/example/subscriptions-service/internal/config/config.go:53.29,58.2 1 0
github.com/example/subscriptions-service/internal/config/config.go:60.28,61.42 1 0
github.com/example/subscriptions-service/internal/config/config.go:61.42,63.3 1 0
github.com/example/subscriptions-service/internal/config/config.go:65.2,65.45 1 0
github.com/example/subscriptions-service/internal/config/config.go:65.45,67.3 1 0
github.com/example/subscriptions-service/internal/config/config.go:69.2,69.51 1 0
github.com/example/subscriptions-service/internal/config/config.go:69.51,70.44 1 0
github.com/example/subscriptions-service/internal/config/config.go:70.44,72.4 1 0
github.com/example/subscriptions-service/internal/config/config.go:75.2,75.51 1 0
github.com/example/subscriptions-service/internal/config/config.go:75.51,76.44 1 0
github.com/example/subscriptions-service/internal/config/config.go:76.44,78.4 1 0
github.com/example/subscriptions-service/internal/config/config.go:81.2,81.59 1 0
github.com/example/subscriptions-service/internal/config/config.go:81.59,82.50 1 0
github.com/example/subscriptions-service/internal/config/config.go:82.50,84.4 1 0
github.com/example/subscriptions-service/internal/domain/subscription/month.go:14.58,15.63 1 0
github.com/example/subscriptions-service/internal/domain/subscription/month.go:15.63,17.3 1 0
github.com/example/subscriptions-service/internal/domain/subscription/month.go:18.2,18.74 1 0
github.com/example/subscriptions-service/internal/domain/subscription/month.go:21.46,23.16 2 0
github.com/example/subscriptions-service/internal/domain/subscription/month.go:23.16,25.3 1 0
github.com/example/subscriptions-service/internal/domain/subscription/month.go:26.2,26.82 1 0
github.com/example/subscriptions-service/internal/domain/subscription/month.go:29.32,31.2 1 0
github.com/example/subscriptions-service/internal/domain/subscription/month.go:33.41,33.77 1 0
github.com/example/subscriptions-service/internal/domain/subscription/month.go:34.41,34.76 1 0
github.com/example/subscriptions-service/internal/domain/subscription/subscription.go:21.107,30.37 2 0
github.com/example/subscriptions-service/internal/domain/subscription/subscription.go:30.37,32.3 1 0
github.com/example/subscriptions-service/internal/domain/subscription/subscription.go:33.2,33.15 1 0
github.com/example/subscriptions-service/internal/domain/subscription/subscription.go:36.41,37.44 1 0
github.com/example/subscriptions-service/internal/domain/subscription/subscription.go:37.44,39.3 1 0
github.com/example/subscriptions-service/internal/domain/subscription/subscription.go:40.2,40.18 1 0
github.com/example/subscriptions-service/internal/domain/subscription/subscription.go:40.18,42.3 1 0
github.com/example/subscriptions-service/internal/domain/subscription/subscription.go:43.2,43.26 1 0
github.com/example/subscriptions-service/internal/domain/subscription/subscription.go:43.26,45.3 1 0
github.com/example/subscriptions-service/internal/domain/subscription/subscription.go:46.2,46.58 1 0
github.com/example/subscriptions-service/internal/domain/subscription/subscription.go:46.58,48.3 1 0
github.com/example/subscriptions-service/internal/domain/subscription/subscription.go:49.2,49.12 1 0
github.com/example/subscriptions-service/internal/infrastructure/logger/logger.go:8.25,10.2 1 0
github.com/example/subscriptions-service/internal/repository/postgres/create.go:10.92,17.23 3 0
github.com/example/subscriptions-service/internal/repository/postgres/create.go:17.23,19.3 1 0
github.com/example/subscriptions-service/internal/repository/postgres/create.go:20.2,20.138 1 0
github.com/example/subscriptions-service/internal/repository/postgres/delete.go:10.82,14.16 3 0
github.com/example/subscriptions-service/internal/repository/postgres/delete.go:14.16,16.3 1 0
github.com/example/subscriptions-service/internal/repository/postgres/delete.go:17.2,17.28 1 0
github.com/example/subscriptions-service/internal/repository/postgres/delete.go:17.28,19.3 1 0
github.com/example/subscriptions-service/internal/repository/postgres/delete.go:20.2,20.12 1 0
github.com/example/subscriptions-service/internal/repository/postgres/filters.go:11.64,12.24 1 0
github.com/example/subscriptions-service/internal/repository/postgres/filters.go:12.24,14.3 1 0
github.com/example/subscriptions-service/internal/repository/postgres/filters.go:15.2,16.19 2 0
github.com/example/subscriptions-service/internal/repository/postgres/filters.go:19.32,21.2 1 0
github.com/example/subscriptions-service/internal/repository/postgres/filters.go:23.79,27.19 3 0
github.com/example/subscriptions-service/internal/repository/postgres/filters.go:27.19,30.3 2 0
github.com/example/subscriptions-service/internal/repository/postgres/filters.go:32.2,32.56 1 0
github.com/example/subscriptions-service/internal/repository/postgres/filters.go:32.56,35.3 2 0
github.com/example/subscriptions-service/internal/repository/postgres/filters.go:37.2,37.23 1 0
github.com/example/subscriptions-service/internal/repository/postgres/filters.go:37.23,39.3 1 0
github.com/example/subscriptions-service/internal/repository/postgres/filters.go:40.2,40.56 1 0
github.com/example/subscriptions-service/internal/repository/postgres/filters.go:43.59,50.17 3 0
github.com/example/subscriptions-service/internal/repository/postgres/filters.go:50.17,52.3 1 0
github.com/example/subscriptions-service/internal/repository/postgres/filters.go:54.2,54.19 1 0
github.com/example/subscriptions-service/internal/repository/postgres/filters.go:55.9,56.68 1 0
github.com/example/subscriptions-service/internal/repository/postgres/filters.go:57.9,58.68 1 0
github.com/example/subscriptions-service/internal/repository/postgres/filters.go:59.9,60.68 1 0
github.com/example/subscriptions-service/internal/repository/postgres/filters.go:63.2,64.19 2 0
github.com/example/subscriptions-service/internal/repository/postgres/filters.go:67.59,78.19 3 0
github.com/example/subscriptions-service/internal/repository/postgres/filters.go:79.9,81.47 2 0
github.com/example/subscriptions-service/internal/repository/postgres/filters.go:82.9,84.47 2 0
github.com/example/subscriptions-service/internal/repository/postgres/filters.go:85.9,87.47 2 0
github.com/example/subscriptions-service/internal/repository/postgres/filters.go:90.2,90.17 1 0
github.com/example/subscriptions-service/internal/repository/postgres/filters.go:90.17,93.3 1 0
github.com/example/subscriptions-service/internal/repository/postgres/filters.go:93.8,96.3 1 0
github.com/example/subscriptions-service/internal/repository/postgres/filters.go:98.2,99.19 2 0
github.com/example/subscriptions-service/internal/repository/postgres/filters.go:102.88,104.2 1 0
github.com/example/subscriptions-service/internal/repository/postgres/filters.go:106.57,108.2 1 0
github.com/example/subscriptions-service/internal/repository/postgres/filters.go:110.57,112.2 1 0
github.com/example/subscriptions-service/internal/repository/postgres/get.go:12.107,23.35 5 0
github.com/example/subscriptions-service/internal/repository/postgres/get.go:23.35,25.3 1 0
github.com/example/subscriptions-service/internal/repository/postgres/get.go:26.2,26.27 1 0
github.com/example/subscriptions-service/internal/repository/postgres/list.go:10.113,13.16 3 0
github.com/example/subscriptions-service/internal/repository/postgres/list.go:13.16,15.3 1 0
github.com/example/subscriptions-service/internal/repository/postgres/list.go:16.2,19.18 3 0
github.com/example/subscriptions-service/internal/repository/postgres/list.go:19.18,21.17 2 0
github.com/example/subscriptions-service/internal/repository/postgres/list.go:21.17,23.4 1 0
github.com/example/subscriptions-service/internal/repository/postgres/list.go:24.3,24.28 1 0
github.com/example/subscriptions-service/internal/repository/postgres/list.go:26.2,26.26 1 0
github.com/example/subscriptions-service/internal/repository/postgres/pool.go:11.85,13.16 2 1
github.com/example/subscriptions-service/internal/repository/postgres/pool.go:13.16,15.3 1 1
github.com/example/subscriptions-service/internal/repository/postgres/pool.go:17.2,22.16 5 0
github.com/example/subscriptions-service/internal/repository/postgres/pool.go:22.16,24.3 1 0
github.com/example/subscriptions-service/internal/repository/postgres/pool.go:26.2,26.39 1 0
github.com/example/subscriptions-service/internal/repository/postgres/pool.go:26.39,29.3 2 0
github.com/example/subscriptions-service/internal/repository/postgres/pool.go:31.2,31.18 1 0
github.com/example/subscriptions-service/internal/repository/postgres/scan.go:10.66,15.119 4 0
github.com/example/subscriptions-service/internal/repository/postgres/scan.go:15.119,17.3 1 0
github.com/example/subscriptions-service/internal/repository/postgres/scan.go:19.2,20.16 2 0
github.com/example/subscriptions-service/internal/repository/postgres/scan.go:20.16,23.3 2 0
github.com/example/subscriptions-service/internal/repository/postgres/scan.go:25.2,25.16 1 0
github.com/example/subscriptions-service/internal/repository/postgres/subscription_repository.go:20.70,22.2 1 0
github.com/example/subscriptions-service/internal/repository/postgres/total_cost.go:9.100,13.74 3 0
github.com/example/subscriptions-service/internal/repository/postgres/total_cost.go:13.74,15.3 1 0
github.com/example/subscriptions-service/internal/repository/postgres/total_cost.go:17.2,17.19 1 0
github.com/example/subscriptions-service/internal/repository/postgres/update.go:12.92,19.23 3 0
github.com/example/subscriptions-service/internal/repository/postgres/update.go:19.23,21.3 1 0
github.com/example/subscriptions-service/internal/repository/postgres/update.go:22.2,24.35 2 0
github.com/example/subscriptions-service/internal/repository/postgres/update.go:24.35,26.3 1 0
github.com/example/subscriptions-service/internal/repository/postgres/update.go:27.2,27.12 1 0
github.com/example/subscriptions-service/internal/service/subscription/create.go:9.97,11.16 2 0
github.com/example/subscriptions-service/internal/service/subscription/create.go:11.16,13.3 1 0
github.com/example/subscriptions-service/internal/service/subscription/create.go:15.2,16.16 2 0
github.com/example/subscriptions-service/internal/service/subscription/create.go:16.16,18.3 1 0
github.com/example/subscriptions-service/internal/service/subscription/create.go:20.2,20.34 1 0
github.com/example/subscriptions-service/internal/service/subscription/delete.go:9.68,11.2 1 0
github.com/example/subscriptions-service/internal/service/subscription/get.go:10.89,12.2 1 0
github.com/example/subscriptions-service/internal/service/subscription/list.go:9.91,10.35 1 0
github.com/example/subscriptions-service/internal/service/subscription/list.go:10.35,12.3 1 0
github.com/example/subscriptions-service/internal/service/subscription/list.go:13.2,13.18 1 0
github.com/example/subscriptions-service/internal/service/subscription/list.go:13.18,15.3 1 0
github.com/example/subscriptions-service/internal/service/subscription/list.go:16.2,16.29 1 0
github.com/example/subscriptions-service/internal/service/subscription/service.go:9.43,11.2 1 0
github.com/example/subscriptions-service/internal/service/subscription/service.go:13.90,15.16 2 0
github.com/example/subscriptions-service/internal/service/subscription/service.go:15.16,17.3 1 0
github.com/example/subscriptions-service/internal/service/subscription/service.go:19.2,19.38 1 0
github.com/example/subscriptions-service/internal/service/subscription/service.go:19.38,21.3 1 0
github.com/example/subscriptions-service/internal/service/subscription/service.go:23.2,24.16 2 0
github.com/example/subscriptions-service/internal/service/subscription/service.go:24.16,26.3 1 0
github.com/example/subscriptions-service/internal/service/subscription/service.go:28.2,28.25 1 0
github.com/example/subscriptions-service/internal/service/subscription/total_cost.go:9.78,10.37 1 0
github.com/example/subscriptions-service/internal/service/subscription/total_cost.go:10.37,12.3 1 0
github.com/example/subscriptions-service/internal/service/subscription/total_cost.go:14.2,14.34 1 0
github.com/example/subscriptions-service/internal/service/subscription/update.go:9.97,11.16 2 0
github.com/example/subscriptions-service/internal/service/subscription/update.go:11.16,13.3 1 0
github.com/example/subscriptions-service/internal/service/subscription/update.go:15.2,17.37 2 0
github.com/example/subscriptions-service/internal/service/subscription/update.go:17.37,19.3 1 0
github.com/example/subscriptions-service/internal/service/subscription/update.go:21.2,21.34 1 0
github.com/example/subscriptions-service/internal/transport/http/router.go:11.82,15.2 3 0
github.com/example/subscriptions-service/internal/transport/http/handler/create.go:5.78,7.59 2 0
github.com/example/subscriptions-service/internal/transport/http/handler/create.go:7.59,10.3 2 0
github.com/example/subscriptions-service/internal/transport/http/handler/create.go:12.2,13.16 2 0
github.com/example/subscriptions-service/internal/transport/http/handler/create.go:13.16,16.3 2 0
github.com/example/subscriptions-service/internal/transport/http/handler/create.go:18.2,19.16 2 0
github.com/example/subscriptions-service/internal/transport/http/handler/create.go:19.16,22.3 2 0
github.com/example/subscriptions-service/internal/transport/http/handler/create.go:23.2,23.65 1 0
github.com/example/subscriptions-service/internal/transport/http/handler/delete.go:9.78,12.16 2 0
github.com/example/subscriptions-service/internal/transport/http/handler/delete.go:12.16,15.3 2 0
github.com/example/subscriptions-service/internal/transport/http/handler/delete.go:17.2,17.53 1 0
github.com/example/subscriptions-service/internal/transport/http/handler/delete.go:17.53,20.3 2 0
github.com/example/subscriptions-service/internal/transport/http/handler/delete.go:22.2,22.37 1 0
github.com/example/subscriptions-service/internal/transport/http/handler/error.go:10.77,11.9 1 0
github.com/example/subscriptions-service/internal/transport/http/handler/error.go:12.42,13.42 1 0
github.com/example/subscriptions-service/internal/transport/http/handler/error.go:15.133,16.44 1 0
github.com/example/subscriptions-service/internal/transport/http/handler/error.go:18.10,20.78 2 0
github.com/example/subscriptions-service/internal/transport/http/handler/get.go:9.75,12.16 2 0
github.com/example/subscriptions-service/internal/transport/http/handler/get.go:12.16,15.3 2 0
github.com/example/subscriptions-service/internal/transport/http/handler/get.go:17.2,18.16 2 0
github.com/example/subscriptions-service/internal/transport/http/handler/get.go:18.16,21.3 2 0
github.com/example/subscriptions-service/internal/transport/http/handler/get.go:23.2,23.60 1 0
github.com/example/subscriptions-service/internal/transport/http/handler/health.go:5.78,7.2 1 0
github.com/example/subscriptions-service/internal/transport/http/handler/list.go:5.76,7.16 2 0
github.com/example/subscriptions-service/internal/transport/http/handler/list.go:7.16,10.3 2 0
github.com/example/subscriptions-service/internal/transport/http/handler/list.go:12.2,13.16 2 0
github.com/example/subscriptions-service/internal/transport/http/handler/list.go:13.16,16.3 2 0
github.com/example/subscriptions-service/internal/transport/http/handler/list.go:18.2,19.23 2 0
github.com/example/subscriptions-service/internal/transport/http/handler/list.go:19.23,21.3 1 0
github.com/example/subscriptions-service/internal/transport/http/handler/list.go:23.2,23.90 1 0
github.com/example/subscriptions-service/internal/transport/http/handler/query.go:12.63,16.36 3 0
github.com/example/subscriptions-service/internal/transport/http/handler/query.go:16.36,18.17 2 0
github.com/example/subscriptions-service/internal/transport/http/handler/query.go:18.17,20.4 1 0
github.com/example/subscriptions-service/internal/transport/http/handler/query.go:21.3,21.17 1 0
github.com/example/subscriptions-service/internal/transport/http/handler/query.go:24.2,24.60 1 0
github.com/example/subscriptions-service/internal/transport/http/handler/query.go:24.60,26.3 1 0
github.com/example/subscriptions-service/internal/transport/http/handler/query.go:28.2,28.34 1 0
github.com/example/subscriptions-service/internal/transport/http/handler/query.go:28.34,30.17 2 0
github.com/example/subscriptions-service/internal/transport/http/handler/query.go:30.17,32.4 1 0
github.com/example/subscriptions-service/internal/transport/http/handler/query.go:33.3,33.14 1 0
github.com/example/subscriptions-service/internal/transport/http/handler/query.go:36.2,36.35 1 0
github.com/example/subscriptions-service/internal/transport/http/handler/query.go:36.35,38.17 2 0
github.com/example/subscriptions-service/internal/transport/http/handler/query.go:38.17,40.4 1 0
github.com/example/subscriptions-service/internal/transport/http/handler/query.go:41.3,41.15 1 0
github.com/example/subscriptions-service/internal/transport/http/handler/query.go:44.2,44.15 1 0
github.com/example/subscriptions-service/internal/transport/http/handler/query.go:47.74,49.16 2 0
github.com/example/subscriptions-service/internal/transport/http/handler/query.go:49.16,51.3 1 0
github.com/example/subscriptions-service/internal/transport/http/handler/query.go:53.2,53.139 1 0
github.com/example/subscriptions-service/internal/transport/http/handler/query.go:56.88,58.16 2 0
github.com/example/subscriptions-service/internal/transport/http/handler/query.go:58.16,60.3 1 0
github.com/example/subscriptions-service/internal/transport/http/handler/query.go:62.2,62.151 1 0
github.com/example/subscriptions-service/internal/transport/http/handler/request.go:18.81,23.40 4 0
github.com/example/subscriptions-service/internal/transport/http/handler/request.go:23.40,25.3 1 0
github.com/example/subscriptions-service/internal/transport/http/handler/request.go:27.2,28.46 2 0
github.com/example/subscriptions-service/internal/transport/http/handler/request.go:28.46,29.17 1 0
github.com/example/subscriptions-service/internal/transport/http/handler/request.go:29.17,31.4 1 0
github.com/example/subscriptions-service/internal/transport/http/handler/request.go:32.3,32.70 1 0
github.com/example/subscriptions-service/internal/transport/http/handler/request.go:35.2,35.12 1 0
github.com/example/subscriptions-service/internal/transport/http/handler/response.go:37.62,39.23 2 0
github.com/example/subscriptions-service/internal/transport/http/handler/response.go:39.23,42.3 2 0
github.com/example/subscriptions-service/internal/transport/http/handler/response.go:44.2,53.3 1 0
github.com/example/subscriptions-service/internal/transport/http/handler/response.go:56.91,59.2 2 0
github.com/example/subscriptions-service/internal/transport/http/handler/response.go:61.101,64.2 2 0
github.com/example/subscriptions-service/internal/transport/http/handler/response.go:66.85,69.2 2 0
github.com/example/subscriptions-service/internal/transport/http/handler/response.go:71.61,74.2 2 0
github.com/example/subscriptions-service/internal/transport/http/handler/response.go:76.63,79.2 2 0
github.com/example/subscriptions-service/internal/transport/http/handler/response.go:81.67,85.2 3 0
github.com/example/subscriptions-service/internal/transport/http/handler/subscription.go:13.92,15.2 1 0
github.com/example/subscriptions-service/internal/transport/http/handler/subscription.go:17.60,25.2 7 0
github.com/example/subscriptions-service/internal/transport/http/handler/total_cost.go:12.81,15.16 3 0
github.com/example/subscriptions-service/internal/transport/http/handler/total_cost.go:15.16,18.3 2 0
github.com/example/subscriptions-service/internal/transport/http/handler/total_cost.go:20.2,21.16 2 0
github.com/example/subscriptions-service/internal/transport/http/handler/total_cost.go:21.16,24.3 2 0
github.com/example/subscriptions-service/internal/transport/http/handler/total_cost.go:26.2,27.36 2 0
github.com/example/subscriptions-service/internal/transport/http/handler/total_cost.go:27.36,29.17 2 0
github.com/example/subscriptions-service/internal/transport/http/handler/total_cost.go:29.17,32.4 2 0
github.com/example/subscriptions-service/internal/transport/http/handler/total_cost.go:33.3,33.15 1 0
github.com/example/subscriptions-service/internal/transport/http/handler/total_cost.go:36.2,37.60 2 0
github.com/example/subscriptions-service/internal/transport/http/handler/total_cost.go:37.60,39.3 1 0
github.com/example/subscriptions-service/internal/transport/http/handler/total_cost.go:41.2,42.16 2 0
github.com/example/subscriptions-service/internal/transport/http/handler/total_cost.go:42.16,45.3 2 0
github.com/example/subscriptions-service/internal/transport/http/handler/total_cost.go:47.2,47.79 1 0
[...]
github.com/example/subscriptions-service/internal/domain/subscription/subscription.go:49.2,49.12 1 0
github.com/example/subscriptions-service/internal/infrastructure/logger/logger.go:8.25,10.2 1 0
github.com/example/subscriptions-service/internal/repository/postgres/create.go:10.92,17.23 3 1
github.com/example/subscriptions-service/internal/repository/postgres/create.go:17.23,19.3 1 1
github.com/example/subscriptions-service/internal/repository/postgres/create.go:20.2,20.138 1 1
github.com/example/subscriptions-service/internal/repository/postgres/delete.go:10.82,14.16 3 1
github.com/example/subscriptions-service/internal/repository/postgres/delete.go:14.16,16.3 1 0
github.com/example/subscriptions-service/internal/repository/postgres/delete.go:17.2,17.28 1 1
github.com/example/subscriptions-service/internal/repository/postgres/delete.go:17.28,19.3 1 1
github.com/example/subscriptions-service/internal/repository/postgres/delete.go:20.2,20.12 1 1
github.com/example/subscriptions-service/internal/repository/postgres/filters.go:11.64,12.24 1 1
github.com/example/subscriptions-service/internal/repository/postgres/filters.go:12.24,14.3 1 1
github.com/example/subscriptions-service/internal/repository/postgres/filters.go:15.2,16.19 2 1
github.com/example/subscriptions-service/internal/repository/postgres/filters.go:19.32,21.2 1 1
github.com/example/subscriptions-service/internal/repository/postgres/filters.go:23.79,27.19 3 1
github.com/example/subscriptions-service/internal/repository/postgres/filters.go:27.19,30.3 2 1
github.com/example/subscriptions-service/internal/repository/postgres/filters.go:32.2,32.56 1 1
github.com/example/subscriptions-service/internal/repository/postgres/filters.go:32.56,35.3 2 1
github.com/example/subscriptions-service/internal/repository/postgres/filters.go:37.2,37.23 1 1
github.com/example/subscriptions-service/internal/repository/postgres/filters.go:37.23,39.3 1 1
github.com/example/subscriptions-service/internal/repository/postgres/filters.go:40.2,40.56 1 1
github.com/example/subscriptions-service/internal/repository/postgres/filters.go:43.59,50.17 3 1
github.com/example/subscriptions-service/internal/repository/postgres/filters.go:50.17,52.3 1 0
github.com/example/subscriptions-service/internal/repository/postgres/filters.go:54.2,54.19 1 1
github.com/example/subscriptions-service/internal/repository/postgres/filters.go:55.9,56.68 1 1
github.com/example/subscriptions-service/internal/repository/postgres/filters.go:57.9,58.68 1 0
github.com/example/subscriptions-service/internal/repository/postgres/filters.go:59.9,60.68 1 0
github.com/example/subscriptions-service/internal/repository/postgres/filters.go:63.2,64.19 2 1
github.com/example/subscriptions-service/internal/repository/postgres/filters.go:67.59,78.19 3 1
github.com/example/subscriptions-service/internal/repository/postgres/filters.go:79.9,81.47 2 1
github.com/example/subscriptions-service/internal/repository/postgres/filters.go:82.9,84.47 2 0
github.com/example/subscriptions-service/internal/repository/postgres/filters.go:85.9,87.47 2 0
github.com/example/subscriptions-service/internal/repository/postgres/filters.go:90.2,90.17 1 1
github.com/example/subscriptions-service/internal/repository/postgres/filters.go:90.17,93.3 1 0
github.com/example/subscriptions-service/internal/repository/postgres/filters.go:93.8,96.3 1 1
github.com/example/subscriptions-service/internal/repository/postgres/filters.go:98.2,99.19 2 1
github.com/example/subscriptions-service/internal/repository/postgres/filters.go:102.88,104.2 1 1
github.com/example/subscriptions-service/internal/repository/postgres/filters.go:106.57,108.2 1 1
github.com/example/subscriptions-service/internal/repository/postgres/filters.go:110.57,112.2 1 1
github.com/example/subscriptions-service/internal/repository/postgres/get.go:12.107,23.35 5 1
github.com/example/subscriptions-service/internal/repository/postgres/get.go:23.35,25.3 1 1
github.com/example/subscriptions-service/internal/repository/postgres/get.go:26.2,26.27 1 1
github.com/example/subscriptions-service/internal/repository/postgres/list.go:10.113,13.16 3 1
github.com/example/subscriptions-service/internal/repository/postgres/list.go:13.16,15.3 1 1
github.com/example/subscriptions-service/internal/repository/postgres/list.go:16.2,19.18 3 1
github.com/example/subscriptions-service/internal/repository/postgres/list.go:19.18,21.17 2 1
github.com/example/subscriptions-service/internal/repository/postgres/list.go:21.17,23.4 1 0
github.com/example/subscriptions-service/internal/repository/postgres/list.go:24.3,24.28 1 1
github.com/example/subscriptions-service/internal/repository/postgres/list.go:26.2,26.26 1 1
github.com/example/subscriptions-service/internal/repository/postgres/pool.go:11.85,13.16 2 0
github.com/example/subscriptions-service/internal/repository/postgres/pool.go:13.16,15.3 1 0
github.com/example/subscriptions-service/internal/repository/postgres/pool.go:17.2,22.16 5 0
github.com/example/subscriptions-service/internal/repository/postgres/pool.go:22.16,24.3 1 0
github.com/example/subscriptions-service/internal/repository/postgres/pool.go:26.2,26.39 1 0
github.com/example/subscriptions-service/internal/repository/postgres/pool.go:26.39,29.3 2 0
github.com/example/subscriptions-service/internal/repository/postgres/pool.go:31.2,31.18 1 0
github.com/example/subscriptions-service/internal/repository/postgres/scan.go:10.66,15.119 4 1
github.com/example/subscriptions-service/internal/repository/postgres/scan.go:15.119,17.3 1 0
github.com/example/subscriptions-service/internal/repository/postgres/scan.go:19.2,20.16 2 1
github.com/example/subscriptions-service/internal/repository/postgres/scan.go:20.16,23.3 2 0
github.com/example/subscriptions-service/internal/repository/postgres/scan.go:25.2,25.16 1 1
github.com/example/subscriptions-service/internal/repository/postgres/subscription_repository.go:20.70,22.2 1 1
github.com/example/subscriptions-service/internal/repository/postgres/total_cost.go:9.100,13.74 3 1
github.com/example/subscriptions-service/internal/repository/postgres/total_cost.go:13.74,15.3 1 0
github.com/example/subscriptions-service/internal/repository/postgres/total_cost.go:17.2,17.19 1 1
github.com/example/subscriptions-service/internal/repository/postgres/update.go:12.92,19.23 3 1
github.com/example/subscriptions-service/internal/repository/postgres/update.go:19.23,21.3 1 1
github.com/example/subscriptions-service/internal/repository/postgres/update.go:22.2,24.35 2 1
github.com/example/subscriptions-service/internal/repository/postgres/update.go:24.35,26.3 1 0
github.com/example/subscriptions-service/internal/repository/postgres/update.go:27.2,27.12 1 1
github.com/example/subscriptions-service/internal/service/subscription/create.go:9.97,11.16 2 0
github.com/example/subscriptions-service/internal/service/subscription/create.go:11.16,13.3 1 0
github.com/example/subscriptions-service/internal/service/subscription/create.go:15.2,16.16 2 0
github.com/example/subscriptions-service/internal/service/subscription/create.go:16.16,18.3 1 0
github.com/example/subscriptions-service/internal/service/subscription/create.go:20.2,20.34 1 0
github.com/example/subscriptions-service/internal/service/subscription/delete.go:9.68,11.2 1 0
github.com/example/subscriptions-service/internal/service/subscription/get.go:10.89,12.2 1 0
github.com/example/subscriptions-service/internal/service/subscription/list.go:9.91,10.35 1 0
github.com/example/subscriptions-service/internal/service/subscription/list.go:10.35,12.3 1 0
github.com/example/subscriptions-service/internal/service/subscription/list.go:13.2,13.18 1 0
github.com/example/subscriptions-service/internal/service/subscription/list.go:13.18,15.3 1 0
github.com/example/subscriptions-service/internal/service/subscription/list.go:16.2,16.29 1 0
github.com/example/subscriptions-service/internal/service/subscription/service.go:9.43,11.2 1 0
github.com/example/subscriptions-service/internal/service/subscription/service.go:13.90,15.16 2 0
github.com/example/subscriptions-service/internal/service/subscription/service.go:15.16,17.3 1 0
github.com/example/subscriptions-service/internal/service/subscription/service.go:19.2,19.38 1 0
github.com/example/subscriptions-service/internal/service/subscription/service.go:19.38,21.3 1 0
github.com/example/subscriptions-service/internal/service/subscription/service.go:23.2,24.16 2 0
github.com/example/subscriptions-service/internal/service/subscription/service.go:24.16,26.3 1 0
github.com/example/subscriptions-service/internal/service/subscription/service.go:28.2,28.25 1 0
github.com/example/subscriptions-service/internal/service/subscription/total_cost.go:9.78,10.37 1 0
github.com/example/subscriptions-service/internal/service/subscription/total_cost.go:10.37,12.3 1 0
github.com/example/subscriptions-service/internal/service/subscription/total_cost.go:14.2,14.34 1 0
github.com/example/subscriptions-service/internal/service/subscription/update.go:9.97,11.16 2 0
github.com/example/subscriptions-service/internal/service/subscription/update.go:11.16,13.3 1 0
github.com/example/subscriptions-service/internal/service/subscription/update.go:15.2,17.37 2 0
github.com/example/subscriptions-service/internal/service/subscription/update.go:17.37,19.3 1 0
github.com/example/subscriptions-service/internal/service/subscription/update.go:21.2,21.34 1 0
github.com/example/subscriptions-service/internal/transport/http/router.go:11.82,15.2 3 0
github.com/example/subscriptions-service/internal/transport/http/handler/create.go:5.78,7.59 2 0
github.com/example/subscriptions-service/internal/transport/http/handler/create.go:7.59,10.3 2 0
github.com/example/subscriptions-service/internal/transport/http/handler/create.go:12.2,13.16 2 0
github.com/example/subscriptions-service/internal/transport/http/handler/create.go:13.16,16.3 2 0
github.com/example/subscriptions-service/internal/transport/http/handler/create.go:18.2,19.16 2 0
github.com/example/subscriptions-service/internal/transport/http/handler/create.go:19.16,22.3 2 0
github.com/example/subscriptions-service/internal/transport/http/handler/create.go:23.2,23.65 1 0
github.com/example/subscriptions-service/internal/transport/http/handler/delete.go:9.78,12.16 2 0
github.com/example/subscriptions-service/internal/transport/http/handler/delete.go:12.16,15.3 2 0
github.com/example/subscriptions-service/internal/transport/http/handler/delete.go:17.2,17.53 1 0
github.com/example/subscriptions-service/internal/transport/http/handler/delete.go:17.53,20.3 2 0
github.com/example/subscriptions-service/internal/transport/http/handler/delete.go:22.2,22.37 1 0
github.com/example/subscriptions-service/internal/transport/http/handler/error.go:10.77,11.9 1 0
github.com/example/subscriptions-service/internal/transport/http/handler/error.go:12.42,13.42 1 0
github.com/example/subscriptions-service/internal/transport/http/handler/error.go:15.133,16.44 1 0
github.com/example/subscriptions-service/internal/transport/http/handler/error.go:18.10,20.78 2 0
github.com/example/subscriptions-service/internal/transport/http/handler/get.go:9.75,12.16 2 0
github.com/example/subscriptions-service/internal/transport/http/handler/get.go:12.16,15.3 2 0
github.com/example/subscriptions-service/internal/transport/http/handler/get.go:17.2,18.16 2 0
github.com/example/subscriptions-service/internal/transport/http/handler/get.go:18.16,21.3 2 0
github.com/example/subscriptions-service/internal/transport/http/handler/get.go:23.2,23.60 1 0
github.com/example/subscriptions-service/internal/transport/http/handler/health.go:5.78,7.2 1 0
github.com/example/subscriptions-service/internal/transport/http/handler/list.go:5.76,7.16 2 0
github.com/example/subscriptions-service/internal/transport/http/handler/list.go:7.16,10.3 2 0
github.com/example/subscriptions-service/internal/transport/http/handler/list.go:12.2,13.16 2 0
github.com/example/subscriptions-service/internal/transport/http/handler/list.go:13.16,16.3 2 0
github.com/example/subscriptions-service/internal/transport/http/handler/list.go:18.2,19.23 2 0
github.com/example/subscriptions-service/internal/transport/http/handler/list.go:19.23,21.3 1 0
github.com/example/subscriptions-service/internal/transport/http/handler/list.go:23.2,23.90 1 0
github.com/example/subscriptions-service/internal/transport/http/handler/query.go:12.63,16.36 3 0
github.com/example/subscriptions-service/internal/transport/http/handler/query.go:16.36,18.17 2 0
github.com/example/subscriptions-service/internal/transport/http/handler/query.go:18.17,20.4 1 0
github.com/example/subscriptions-service/internal/transport/http/handler/query.go:21.3,21.17 1 0
github.com/example/subscriptions-service/internal/transport/http/handler/query.go:24.2,24.60 1 0
github.com/example/subscriptions-service/internal/transport/http/handler/query.go:24.60,26.3 1 0
github.com/example/subscriptions-service/internal/transport/http/handler/query.go:28.2,28.34 1 0
github.com/example/subscriptions-service/internal/transport/http/handler/query.go:28.34,30.17 2 0
github.com/example/subscriptions-service/internal/transport/http/handler/query.go:30.17,32.4 1 0
github.com/example/subscriptions-service/internal/transport/http/handler/query.go:33.3,33.14 1 0
github.com/example/subscriptions-service/internal/transport/http/handler/query.go:36.2,36.35 1 0
github.com/example/subscriptions-service/internal/transport/http/handler/query.go:36.35,38.17 2 0
github.com/example/subscriptions-service/internal/transport/http/handler/query.go:38.17,40.4 1 0
github.com/example/subscriptions-service/internal/transport/http/handler/query.go:41.3,41.15 1 0
github.com/example/subscriptions-service/internal/transport/http/handler/query.go:44.2,44.15 1 0
github.com/example/subscriptions-service/internal/transport/http/handler/query.go:47.74,49.16 2 0
github.com/example/subscriptions-service/internal/transport/http/handler/query.go:49.16,51.3 1 0
github.com/example/subscriptions-service/internal/transport/http/handler/query.go:53.2,53.139 1 0
github.com/example/subscriptions-service/internal/transport/http/handler/query.go:56.88,58.16 2 0
github.com/example/subscriptions-service/internal/transport/http/handler/query.go:58.16,60.3 1 0
github.com/example/subscriptions-service/internal/transport/http/handler/query.go:62.2,62.151 1 0
github.com/example/subscriptions-service/internal/transport/http/handler/request.go:18.81,23.40 4 0
github.com/example/subscriptions-service/internal/transport/http/handler/request.go:23.40,25.3 1 0
github.com/example/subscriptions-service/internal/transport/http/handler/request.go:27.2,28.46 2 0
github.com/example/subscriptions-service/internal/transport/http/handler/request.go:28.46,29.17 1 0
github.com/example/subscriptions-service/internal/transport/http/handler/request.go:29.17,31.4 1 0
github.com/example/subscriptions-service/internal/transport/http/handler/request.go:32.3,32.70 1 0
github.com/example/subscriptions-service/internal/transport/http/handler/request.go:35.2,35.12 1 0
github.com/example/subscriptions-service/internal/transport/http/handler/response.go:37.62,39.23 2 0
github.com/example/subscriptions-service/internal/transport/http/handler/response.go:39.23,42.3 2 0
github.com/example/subscriptions-service/internal/transport/http/handler/response.go:44.2,53.3 1 0
github.com/example/subscriptions-service/internal/transport/http/handler/response.go:56.91,59.2 2 0
github.com/example/subscriptions-service/internal/transport/http/handler/response.go:61.101,64.2 2 0
github.com/example/subscriptions-service/internal/transport/http/handler/response.go:66.85,69.2 2 0
github.com/example/subscriptions-service/internal/transport/http/handler/response.go:71.61,74.2 2 0
github.com/example/subscriptions-service/internal/transport/http/handler/response.go:76.63,79.2 2 0
github.com/example/subscriptions-service/internal/transport/http/handler/response.go:81.67,85.2 3 0
github.com/example/subscriptions-service/internal/transport/http/handler/subscription.go:13.92,15.2 1 0
github.com/example/subscriptions-service/internal/transport/http/handler/subscription.go:17.60,25.2 7 0
github.com/example/subscriptions-service/internal/transport/http/handler/total_cost.go:12.81,15.16 3 0
github.com/example/subscriptions-service/internal/transport/http/handler/total_cost.go:15.16,18.3 2 0
github.com/example/subscriptions-service/internal/transport/http/handler/total_cost.go:20.2,21.16 2 0
github.com/example/subscriptions-service/internal/transport/http/handler/total_cost.go:21.16,24.3 2 0
github.com/example/subscriptions-service/internal/transport/http/handler/total_cost.go:26.2,27.36 2 0
github.com/example/subscriptions-service/internal/transport/http/handler/total_cost.go:27.36,29.17 2 0
github.com/example/subscriptions-service/internal/transport/http/handler/total_cost.go:29.17,32.4 2 0
github.com/example/subscriptions-service/internal/transport/http/handler/total_cost.go:33.3,33.15 1 0
github.com/example/subscriptions-service/internal/transport/http/handler/total_cost.go:36.2,37.60 2 0
github.com/example/subscriptions-service/internal/transport/http/handler/total_cost.go:37.60,39.3 1 0
github.com/example/subscriptions-service/internal/transport/http/handler/total_cost.go:41.2,42.16 2 0
github.com/example/subscriptions-service/internal/transport/http/handler/total_cost.go:42.16,45.3 2 0
github.com/example/subscriptions-service/internal/transport/http/handler/total_cost.go:47.2,47.79 1 0
github.com/example/subscriptions-service/internal/transport/http/handler/update.go:9.78,11.16 2 0
github.com/example/subscriptions-service/internal/transport/http/handler/update.go:11.16,14.3 2 0
github.com/example/subscriptions-service/internal/transport/http/handler/update.go:16.2,17.59 2 0
github.com/example/subscriptions-service/internal/transport/http/handler/update.go:17.59,20.3 2 0
github.com/example/subscriptions-service/internal/transport/http/handler/update.go:22.2,23.16 2 0
github.com/example/subscriptions-service/internal/transport/http/handler/update.go:23.16,26.3 2 0
github.com/example/subscriptions-service/internal/transport/http/handler/update.go:28.2,29.16 2 0
github.com/example/subscriptions-service/internal/transport/http/handler/update.go:29.16,32.3 2 0
github.com/example/subscriptions-service/internal/transport/http/handler/update.go:34.2,34.60 1 0
github.com/example/subscriptions-service/internal/transport/http/middleware/logging.go:16.48,16.103 2 0
github.com/example/subscriptions-service/internal/transport/http/middleware/logging.go:23.54,26.55 3 0
github.com/example/subscriptions-service/internal/transport/http/middleware/logging.go:26.55,28.3 1 0
github.com/example/subscriptions-service/internal/transport/http/middleware/logging.go:29.2,30.13 2 0
github.com/example/subscriptions-service/internal/transport/http/middleware/logging.go:33.64,35.46 2 0
github.com/example/subscriptions-service/internal/transport/http/middleware/logging.go:35.46,36.72 1 0
github.com/example/subscriptions-service/internal/transport/http/middleware/logging.go:36.72,41.86 4 0
github.com/example/subscriptions-service/internal/transport/http/middleware/logging.go:41.86,42.41 1 0
github.com/example/subscriptions-service/internal/transport/http/middleware/logging.go:42.41,44.6 1 0
github.com/example/subscriptions-service/internal/transport/http/middleware/logging.go:47.4,47.129 1 0
github.com/example/subscriptions-service/internal/transport/http/middleware/recover.go:9.64,10.46 1 0
github.com/example/subscriptions-service/internal/transport/http/middleware/recover.go:10.46,11.72 1 0
github.com/example/subscriptions-service/internal/transport/http/middleware/recover.go:11.72,12.17 1 0
github.com/example/subscriptions-service/internal/transport/http/middleware/recover.go:12.17,13.37 1 0
github.com/example/subscriptions-service/internal/transport/http/middleware/recover.go:13.37,18.6 4 0
github.com/example/subscriptions-service/internal/transport/http/middleware/recover.go:20.4,20.24 1 0
